#
# A fatal error has been detected by the Java Runtime Environment:
#
#  EXCEPTION_ACCESS_VIOLATION (0xc0000005) at pc=0x00007ffe6c1bddfd, pid=19764, tid=21200
#
# JRE version: OpenJDK Runtime Environment (17.0.1+12) (build 17.0.1+12-39)
# Java VM: OpenJDK 64-Bit Server VM (17.0.1+12-39, mixed mode, sharing, tiered, compressed oops, compressed class ptrs, g1 gc, windows-amd64)
# Problematic frame:
# C  [lwjgl_opengl.dll+0xddfd]
#
# No core dump will be written. Minidumps are not enabled by default on client versions of Windows
#
# If you would like to submit a bug report, please visit:
#   https://bugreport.java.com/bugreport/crash.jsp
# The crash happened outside the Java Virtual Machine in native code.
# See problematic frame for where to report the bug.
#

---------------  S U M M A R Y ------------

Command Line: -Dorg.gradle.internal.worker.tmpdir=C:\Users\atomf\Desktop\code\optium\platform-lwjgl\build\tmp\test\work -Dorg.gradle.native=false --add-opens=java.base/java.util=ALL-UNNAMED --add-opens=java.base/java.lang=ALL-UNNAMED -Xmx512m -Dfile.encoding=windows-1252 -Duser.country=US -Duser.language=en -Duser.variant -ea worker.org.gradle.process.internal.worker.GradleWorkerMain 'Gradle Test Executor 19'

Host: Intel(R) Core(TM) i7-1065G7 CPU @ 1.30GHz, 8 cores, 7G,  Windows 10 , 64 bit Build 19041 (10.0.19041.1889)
Time: Tue Nov  8 20:29:49 2022 W. Europe Standard Time elapsed time: 1.483806 seconds (0d 0h 0m 1s)

---------------  T H R E A D  ---------------

Current thread (0x000001f6de174270):  JavaThread "Test worker" [_thread_in_native, id=21200, stack(0x0000005f2f100000,0x0000005f2f200000)]

Stack: [0x0000005f2f100000,0x0000005f2f200000],  sp=0x0000005f2f1fb428,  free space=1005k
Native frames: (J=compiled Java code, j=interpreted, Vv=VM code, C=native code)
C  [lwjgl_opengl.dll+0xddfd]

Java frames: (J=compiled Java code, j=interpreted, Vv=VM code)
j  org.lwjgl.opengl.GL15C.nglGenBuffers(IJ)V+0
j  org.lwjgl.opengl.GL15C.glGenBuffers()I+20
j  org.lwjgl.opengl.GL15.glGenBuffers()I+0
j  net.orbyfied.opticum.platform.lwjgl.GLGraphics.init()V+1
j  net.orbyfied.opticum.platform.lwjgl.GLGraphics.<init>(Lnet/orbyfied/opticum/RenderContext;)V+6
j  net.orbyfied.opticum.platform.lwjgl.GLFWWindowRenderContext.createGraphics()Z+6
j  net.orbyfied.opticum.RenderContext.prepare()Z+5
j  net.orbyfied.opticum.RenderWorker.run()V+56
j  net.orbyfied.opticum.RenderWorker.startSync()V+1
j  test.opticum.platform.lwjgl.Basic2DTest.testBasic()V+61
v  ~StubRoutines::call_stub
j  jdk.internal.reflect.NativeMethodAccessorImpl.invoke0(Ljava/lang/reflect/Method;Ljava/lang/Object;[Ljava/lang/Object;)Ljava/lang/Object;+0 java.base@17.0.1
j  jdk.internal.reflect.NativeMethodAccessorImpl.invoke(Ljava/lang/Object;[Ljava/lang/Object;)Ljava/lang/Object;+133 java.base@17.0.1
j  jdk.internal.reflect.DelegatingMethodAccessorImpl.invoke(Ljava/lang/Object;[Ljava/lang/Object;)Ljava/lang/Object;+6 java.base@17.0.1
j  java.lang.reflect.Method.invoke(Ljava/lang/Object;[Ljava/lang/Object;)Ljava/lang/Object;+59 java.base@17.0.1
j  org.junit.platform.commons.util.ReflectionUtils.invokeMethod(Ljava/lang/reflect/Method;Ljava/lang/Object;[Ljava/lang/Object;)Ljava/lang/Object;+41
j  org.junit.jupiter.engine.execution.MethodInvocation.proceed()Ljava/lang/Object;+16
j  org.junit.jupiter.engine.execution.InvocationInterceptorChain$ValidatingInvocation.proceed()Ljava/lang/Object;+8
j  org.junit.jupiter.engine.extension.TimeoutExtension.intercept(Lorg/junit/jupiter/api/extension/InvocationInterceptor$Invocation;Lorg/junit/jupiter/api/extension/ReflectiveInvocationContext;Lorg/junit/jupiter/api/extension/ExtensionContext;Lorg/junit/jupiter/engine/extension/TimeoutDuration;Lorg/junit/jupiter/engine/extension/TimeoutExtension$TimeoutProvider;)Ljava/lang/Object;+28
j  org.junit.jupiter.engine.extension.TimeoutExtension.interceptTestableMethod(Lorg/junit/jupiter/api/extension/InvocationInterceptor$Invocation;Lorg/junit/jupiter/api/extension/ReflectiveInvocationContext;Lorg/junit/jupiter/api/extension/ExtensionContext;Lorg/junit/jupiter/engine/extension/TimeoutExtension$TimeoutProvider;)Ljava/lang/Object;+31
j  org.junit.jupiter.engine.extension.TimeoutExtension.interceptTestMethod(Lorg/junit/jupiter/api/extension/InvocationInterceptor$Invocation;Lorg/junit/jupiter/api/extension/ReflectiveInvocationContext;Lorg/junit/jupiter/api/extension/ExtensionContext;)V+9
j  org.junit.jupiter.engine.descriptor.TestMethodTestDescriptor$$Lambda$180+0x0000000800d04bf0.apply(Lorg/junit/jupiter/api/extension/InvocationInterceptor;Lorg/junit/jupiter/api/extension/InvocationInterceptor$Invocation;Lorg/junit/jupiter/api/extension/ReflectiveInvocationContext;Lorg/junit/jupiter/api/extension/ExtensionContext;)V+5
j  org.junit.jupiter.engine.execution.ExecutableInvoker$ReflectiveInterceptorCall.lambda$ofVoidMethod$0(Lorg/junit/jupiter/engine/execution/ExecutableInvoker$ReflectiveInterceptorCall$VoidMethodInterceptorCall;Lorg/junit/jupiter/api/extension/InvocationInterceptor;Lorg/junit/jupiter/api/extension/InvocationInterceptor$Invocation;Lorg/junit/jupiter/api/extension/ReflectiveInvocationContext;Lorg/junit/jupiter/api/extension/ExtensionContext;)Ljava/lang/Void;+6
j  org.junit.jupiter.engine.execution.ExecutableInvoker$ReflectiveInterceptorCall$$Lambda$181+0x0000000800d0c000.apply(Lorg/junit/jupiter/api/extension/InvocationInterceptor;Lorg/junit/jupiter/api/extension/InvocationInterceptor$Invocation;Lorg/junit/jupiter/api/extension/ReflectiveInvocationContext;Lorg/junit/jupiter/api/extension/ExtensionContext;)Ljava/lang/Object;+9
j  org.junit.jupiter.engine.execution.ExecutableInvoker.lambda$invoke$0(Lorg/junit/jupiter/engine/execution/ExecutableInvoker$ReflectiveInterceptorCall;Lorg/junit/jupiter/api/extension/ReflectiveInvocationContext;Lorg/junit/jupiter/api/extension/ExtensionContext;Lorg/junit/jupiter/api/extension/InvocationInterceptor;Lorg/junit/jupiter/api/extension/InvocationInterceptor$Invocation;)Ljava/lang/Object;+6
j  org.junit.jupiter.engine.execution.ExecutableInvoker$$Lambda$313+0x0000000800d2cb08.apply(Lorg/junit/jupiter/api/extension/InvocationInterceptor;Lorg/junit/jupiter/api/extension/InvocationInterceptor$Invocation;)Ljava/lang/Object;+14
j  org.junit.jupiter.engine.execution.InvocationInterceptorChain$InterceptedInvocation.proceed()Ljava/lang/Object;+12
j  org.junit.jupiter.engine.execution.InvocationInterceptorChain.proceed(Lorg/junit/jupiter/api/extension/InvocationInterceptor$Invocation;)Ljava/lang/Object;+1
j  org.junit.jupiter.engine.execution.InvocationInterceptorChain.chainAndInvoke(Lorg/junit/jupiter/api/extension/InvocationInterceptor$Invocation;Lorg/junit/jupiter/engine/execution/InvocationInterceptorChain$InterceptorCall;Ljava/util/List;)Ljava/lang/Object;+24
j  org.junit.jupiter.engine.execution.InvocationInterceptorChain.invoke(Lorg/junit/jupiter/api/extension/InvocationInterceptor$Invocation;Lorg/junit/jupiter/engine/extension/ExtensionRegistry;Lorg/junit/jupiter/engine/execution/InvocationInterceptorChain$InterceptorCall;)Ljava/lang/Object;+31
j  org.junit.jupiter.engine.execution.ExecutableInvoker.invoke(Lorg/junit/jupiter/api/extension/InvocationInterceptor$Invocation;Lorg/junit/jupiter/api/extension/ReflectiveInvocationContext;Lorg/junit/jupiter/api/extension/ExtensionContext;Lorg/junit/jupiter/engine/extension/ExtensionRegistry;Lorg/junit/jupiter/engine/execution/ExecutableInvoker$ReflectiveInterceptorCall;)Ljava/lang/Object;+15
j  org.junit.jupiter.engine.execution.ExecutableInvoker.invoke(Ljava/lang/reflect/Method;Ljava/lang/Object;Lorg/junit/jupiter/api/extension/ExtensionContext;Lorg/junit/jupiter/engine/extension/ExtensionRegistry;Lorg/junit/jupiter/engine/execution/ExecutableInvoker$ReflectiveInterceptorCall;)Ljava/lang/Object;+56
j  org.junit.jupiter.engine.descriptor.TestMethodTestDescriptor.lambda$invokeTestMethod$6(Lorg/junit/jupiter/api/extension/ExtensionContext;Lorg/junit/jupiter/engine/execution/JupiterEngineExecutionContext;)V+28
j  org.junit.jupiter.engine.descriptor.TestMethodTestDescriptor$$Lambda$325+0x0000000800d2efa0.execute()V+12
j  org.junit.platform.engine.support.hierarchical.ThrowableCollector.execute(Lorg/junit/platform/engine/support/hierarchical/ThrowableCollector$Executable;)V+1
j  org.junit.jupiter.engine.descriptor.TestMethodTestDescriptor.invokeTestMethod(Lorg/junit/jupiter/engine/execution/JupiterEngineExecutionContext;Lorg/junit/platform/engine/support/hierarchical/Node$DynamicTestExecutor;)V+21
j  org.junit.jupiter.engine.descriptor.TestMethodTestDescriptor.execute(Lorg/junit/jupiter/engine/execution/JupiterEngineExecutionContext;Lorg/junit/platform/engine/support/hierarchical/Node$DynamicTestExecutor;)Lorg/junit/jupiter/engine/execution/JupiterEngineExecutionContext;+44
j  org.junit.jupiter.engine.descriptor.TestMethodTestDescriptor.execute(Lorg/junit/platform/engine/support/hierarchical/EngineExecutionContext;Lorg/junit/platform/engine/support/hierarchical/Node$DynamicTestExecutor;)Lorg/junit/platform/engine/support/hierarchical/EngineExecutionContext;+6
j  org.junit.platform.engine.support.hierarchical.NodeTestTask.lambda$executeRecursively$5()V+79
j  org.junit.platform.engine.support.hierarchical.NodeTestTask$$Lambda$258+0x0000000800d1bd28.execute()V+4
j  org.junit.platform.engine.support.hierarchical.ThrowableCollector.execute(Lorg/junit/platform/engine/support/hierarchical/ThrowableCollector$Executable;)V+1
j  org.junit.platform.engine.support.hierarchical.NodeTestTask.lambda$executeRecursively$7(Lorg/junit/platform/engine/support/hierarchical/EngineExecutionContext;)V+15
j  org.junit.platform.engine.support.hierarchical.NodeTestTask$$Lambda$257+0x0000000800d1bb08.invoke(Lorg/junit/platform/engine/support/hierarchical/EngineExecutionContext;)V+5
j  org.junit.platform.engine.support.hierarchical.Node.around(Lorg/junit/platform/engine/support/hierarchical/EngineExecutionContext;Lorg/junit/platform/engine/support/hierarchical/Node$Invocation;)V+2
j  org.junit.platform.engine.support.hierarchical.NodeTestTask.lambda$executeRecursively$8()V+14
j  org.junit.platform.engine.support.hierarchical.NodeTestTask$$Lambda$256+0x0000000800d1b6f0.execute()V+4
j  org.junit.platform.engine.support.hierarchical.ThrowableCollector.execute(Lorg/junit/platform/engine/support/hierarchical/ThrowableCollector$Executable;)V+1
j  org.junit.platform.engine.support.hierarchical.NodeTestTask.executeRecursively()V+31
j  org.junit.platform.engine.support.hierarchical.NodeTestTask.execute()V+55
j  org.junit.platform.engine.support.hierarchical.SameThreadHierarchicalTestExecutorService$$Lambda$262+0x0000000800d1c818.accept(Ljava/lang/Object;)V+4
j  java.util.ArrayList.forEach(Ljava/util/function/Consumer;)V+46 java.base@17.0.1
j  org.junit.platform.engine.support.hierarchical.SameThreadHierarchicalTestExecutorService.invokeAll(Ljava/util/List;)V+6
j  org.junit.platform.engine.support.hierarchical.NodeTestTask.lambda$executeRecursively$5()V+116
j  org.junit.platform.engine.support.hierarchical.NodeTestTask$$Lambda$258+0x0000000800d1bd28.execute()V+4
j  org.junit.platform.engine.support.hierarchical.ThrowableCollector.execute(Lorg/junit/platform/engine/support/hierarchical/ThrowableCollector$Executable;)V+1
j  org.junit.platform.engine.support.hierarchical.NodeTestTask.lambda$executeRecursively$7(Lorg/junit/platform/engine/support/hierarchical/EngineExecutionContext;)V+15
j  org.junit.platform.engine.support.hierarchical.NodeTestTask$$Lambda$257+0x0000000800d1bb08.invoke(Lorg/junit/platform/engine/support/hierarchical/EngineExecutionContext;)V+5
j  org.junit.platform.engine.support.hierarchical.Node.around(Lorg/junit/platform/engine/support/hierarchical/EngineExecutionContext;Lorg/junit/platform/engine/support/hierarchical/Node$Invocation;)V+2
j  org.junit.platform.engine.support.hierarchical.NodeTestTask.lambda$executeRecursively$8()V+14
j  org.junit.platform.engine.support.hierarchical.NodeTestTask$$Lambda$256+0x0000000800d1b6f0.execute()V+4
j  org.junit.platform.engine.support.hierarchical.ThrowableCollector.execute(Lorg/junit/platform/engine/support/hierarchical/ThrowableCollector$Executable;)V+1
j  org.junit.platform.engine.support.hierarchical.NodeTestTask.executeRecursively()V+31
j  org.junit.platform.engine.support.hierarchical.NodeTestTask.execute()V+55
j  org.junit.platform.engine.support.hierarchical.SameThreadHierarchicalTestExecutorService$$Lambda$262+0x0000000800d1c818.accept(Ljava/lang/Object;)V+4
j  java.util.ArrayList.forEach(Ljava/util/function/Consumer;)V+46 java.base@17.0.1
j  org.junit.platform.engine.support.hierarchical.SameThreadHierarchicalTestExecutorService.invokeAll(Ljava/util/List;)V+6
j  org.junit.platform.engine.support.hierarchical.NodeTestTask.lambda$executeRecursively$5()V+116
j  org.junit.platform.engine.support.hierarchical.NodeTestTask$$Lambda$258+0x0000000800d1bd28.execute()V+4
j  org.junit.platform.engine.support.hierarchical.ThrowableCollector.execute(Lorg/junit/platform/engine/support/hierarchical/ThrowableCollector$Executable;)V+1
j  org.junit.platform.engine.support.hierarchical.NodeTestTask.lambda$executeRecursively$7(Lorg/junit/platform/engine/support/hierarchical/EngineExecutionContext;)V+15
j  org.junit.platform.engine.support.hierarchical.NodeTestTask$$Lambda$257+0x0000000800d1bb08.invoke(Lorg/junit/platform/engine/support/hierarchical/EngineExecutionContext;)V+5
j  org.junit.platform.engine.support.hierarchical.Node.around(Lorg/junit/platform/engine/support/hierarchical/EngineExecutionContext;Lorg/junit/platform/engine/support/hierarchical/Node$Invocation;)V+2
j  org.junit.platform.engine.support.hierarchical.NodeTestTask.lambda$executeRecursively$8()V+14
j  org.junit.platform.engine.support.hierarchical.NodeTestTask$$Lambda$256+0x0000000800d1b6f0.execute()V+4
j  org.junit.platform.engine.support.hierarchical.ThrowableCollector.execute(Lorg/junit/platform/engine/support/hierarchical/ThrowableCollector$Executable;)V+1
j  org.junit.platform.engine.support.hierarchical.NodeTestTask.executeRecursively()V+31
j  org.junit.platform.engine.support.hierarchical.NodeTestTask.execute()V+55
j  org.junit.platform.engine.support.hierarchical.SameThreadHierarchicalTestExecutorService.submit(Lorg/junit/platform/engine/support/hierarchical/HierarchicalTestExecutorService$TestTask;)Ljava/util/concurrent/Future;+1
j  org.junit.platform.engine.support.hierarchical.HierarchicalTestExecutor.execute()Ljava/util/concurrent/Future;+74
j  org.junit.platform.engine.support.hierarchical.HierarchicalTestEngine.execute(Lorg/junit/platform/engine/ExecutionRequest;)V+31
j  org.junit.platform.launcher.core.EngineExecutionOrchestrator.execute(Lorg/junit/platform/engine/TestDescriptor;Lorg/junit/platform/engine/EngineExecutionListener;Lorg/junit/platform/engine/ConfigurationParameters;Lorg/junit/platform/engine/TestEngine;)V+24
j  org.junit.platform.launcher.core.EngineExecutionOrchestrator.execute(Lorg/junit/platform/launcher/core/LauncherDiscoveryResult;Lorg/junit/platform/engine/EngineExecutionListener;)V+86
j  org.junit.platform.launcher.core.EngineExecutionOrchestrator.lambda$execute$0(Lorg/junit/platform/launcher/core/InternalTestPlan;Lorg/junit/platform/launcher/core/LauncherDiscoveryResult;Lorg/junit/platform/launcher/TestExecutionListener;)V+18
j  org.junit.platform.launcher.core.EngineExecutionOrchestrator$$Lambda$219+0x0000000800cf7410.accept(Ljava/lang/Object;)V+16
j  org.junit.platform.launcher.core.EngineExecutionOrchestrator.withInterceptedStreams(Lorg/junit/platform/engine/ConfigurationParameters;Lorg/junit/platform/launcher/core/TestExecutionListenerRegistry;Ljava/util/function/Consumer;)V+43
j  org.junit.platform.launcher.core.EngineExecutionOrchestrator.execute(Lorg/junit/platform/launcher/core/InternalTestPlan;[Lorg/junit/platform/launcher/TestExecutionListener;)V+35
j  org.junit.platform.launcher.core.DefaultLauncher.execute(Lorg/junit/platform/launcher/core/InternalTestPlan;[Lorg/junit/platform/launcher/TestExecutionListener;)V+6
j  org.junit.platform.launcher.core.DefaultLauncher.execute(Lorg/junit/platform/launcher/LauncherDiscoveryRequest;[Lorg/junit/platform/launcher/TestExecutionListener;)V+33
j  org.gradle.api.internal.tasks.testing.junitplatform.JUnitPlatformTestClassProcessor$CollectAllTestClassesExecutor.processAllTestClasses()V+58
j  org.gradle.api.internal.tasks.testing.junitplatform.JUnitPlatformTestClassProcessor$CollectAllTestClassesExecutor.access$000(Lorg/gradle/api/internal/tasks/testing/junitplatform/JUnitPlatformTestClassProcessor$CollectAllTestClassesExecutor;)V+1
j  org.gradle.api.internal.tasks.testing.junitplatform.JUnitPlatformTestClassProcessor.stop()V+4
j  org.gradle.api.internal.tasks.testing.SuiteTestClassProcessor.stop()V+4
v  ~StubRoutines::call_stub
j  jdk.internal.reflect.NativeMethodAccessorImpl.invoke0(Ljava/lang/reflect/Method;Ljava/lang/Object;[Ljava/lang/Object;)Ljava/lang/Object;+0 java.base@17.0.1
j  jdk.internal.reflect.NativeMethodAccessorImpl.invoke(Ljava/lang/Object;[Ljava/lang/Object;)Ljava/lang/Object;+133 java.base@17.0.1
j  jdk.internal.reflect.DelegatingMethodAccessorImpl.invoke(Ljava/lang/Object;[Ljava/lang/Object;)Ljava/lang/Object;+6 java.base@17.0.1
j  java.lang.reflect.Method.invoke(Ljava/lang/Object;[Ljava/lang/Object;)Ljava/lang/Object;+59 java.base@17.0.1
j  org.gradle.internal.dispatch.ReflectionDispatch.dispatch(Lorg/gradle/internal/dispatch/MethodInvocation;)V+19
j  org.gradle.internal.dispatch.ReflectionDispatch.dispatch(Ljava/lang/Object;)V+5
j  org.gradle.internal.dispatch.ContextClassLoaderDispatch.dispatch(Ljava/lang/Object;)V+22
j  org.gradle.internal.dispatch.ProxyDispatchAdapter$DispatchingInvocationHandler.invoke(Ljava/lang/Object;Ljava/lang/reflect/Method;[Ljava/lang/Object;)Ljava/lang/Object;+177
j  jdk.proxy1.$Proxy2.stop()V+9 jdk.proxy1
j  org.gradle.api.internal.tasks.testing.worker.TestWorker$3.run()V+7
j  org.gradle.api.internal.tasks.testing.worker.TestWorker.executeAndMaintainThreadName(Ljava/lang/Runnable;)V+1
j  org.gradle.api.internal.tasks.testing.worker.TestWorker.execute(Lorg/gradle/process/internal/worker/WorkerProcessContext;)V+80
j  org.gradle.api.internal.tasks.testing.worker.TestWorker.execute(Ljava/lang/Object;)V+5
j  org.gradle.process.internal.worker.child.ActionExecutionWorker.execute(Lorg/gradle/process/internal/worker/WorkerProcessContext;)V+65
j  org.gradle.process.internal.worker.child.SystemApplicationClassLoaderWorker.call()Ljava/lang/Void;+343
j  org.gradle.process.internal.worker.child.SystemApplicationClassLoaderWorker.call()Ljava/lang/Object;+1
j  worker.org.gradle.process.internal.worker.GradleWorkerMain.run()V+250
j  worker.org.gradle.process.internal.worker.GradleWorkerMain.main([Ljava/lang/String;)V+7
v  ~StubRoutines::call_stub

siginfo: EXCEPTION_ACCESS_VIOLATION (0xc0000005), reading address 0x0000000000000d98


Register to memory mapping:

RIP=0x00007ffe6c1bddfd lwjgl_opengl.dll
RAX=0x000001f6fbcd0220 points into unknown readable memory: 0x0000000000000000 | 00 00 00 00 00 00 00 00
RBX={method} {0x000001f682c1cbb0} 'nglGenBuffers' '(IJ)V' in 'org/lwjgl/opengl/GL15C'
RCX=0x0000000000000001 is an unknown value
RDX=0x000001f6fc661eac points into unknown readable memory: 00 00 00 00
RSP=0x0000005f2f1fb428 is pointing into the stack for thread: 0x000001f6de174270
RBP=0x0000005f2f1fb4b8 is pointing into the stack for thread: 0x000001f6de174270
RSI=0x000001f6fafe9568 is pointing into metadata
RDI=0x0000000000000001 is an unknown value
R8 =0x0000000000000001 is an unknown value
R9 =0x000001f6fc661eac points into unknown readable memory: 00 00 00 00
R10=0x0 is NULL
R11=0x00000000e7321f08 is an oop: java.lang.Class 
{0x00000000e7321f08} - klass: 'java/lang/Class'
 - ---- fields (total size 28 words):
 - private volatile transient 'classRedefinedCount' 'I' @12  0
 - private volatile transient 'cachedConstructor' 'Ljava/lang/reflect/Constructor;' @40  NULL (0)
 - private transient 'name' 'Ljava/lang/String;' @44  "org.lwjgl.opengl.GL15C"{0x00000000e7321ff8} (e7321ff8)
 - private transient 'module' 'Ljava/lang/Module;' @48  a 'java/lang/Module'{0x00000000e6638720} (e6638720)
 - private final 'classLoader' 'Ljava/lang/ClassLoader;' @52  a 'jdk/internal/loader/ClassLoaders$AppClassLoader'{0x00000000e6600098} (e6600098)
 - private transient 'classData' 'Ljava/lang/Object;' @56  NULL (0)
 - private transient 'packageName' 'Ljava/lang/String;' @60  "org.lwjgl.opengl"{0x00000000e75afb58} (e75afb58)
 - private final 'componentType' 'Ljava/lang/Class;' @64  NULL (0)
 - private volatile transient 'reflectionData' 'Ljava/lang/ref/SoftReference;' @68  NULL (0)
 - private volatile transient 'genericInfo' 'Lsun/reflect/generics/repository/ClassRepository;' @72  NULL (0)
 - private volatile transient 'enumConstants' '[Ljava/lang/Object;' @76  NULL (0)
 - private volatile transient 'enumConstantDirectory' 'Ljava/util/Map;' @80  NULL (0)
 - private volatile transient 'annotationData' 'Ljava/lang/Class$AnnotationData;' @84  NULL (0)
 - private volatile transient 'annotationType' 'Lsun/reflect/annotation/AnnotationType;' @88  NULL (0)
 - transient 'classValueMap' 'Ljava/lang/ClassValue$ClassValueMap;' @92  NULL (0)
 - signature: Lorg/lwjgl/opengl/GL15C;
 - fake entry for mirror: 'org/lwjgl/opengl/GL15C'
 - fake entry for array: NULL
 - fake entry for oop_size: 28
 - fake entry for static_oop_field_count: 0
 - public static final 'GL_SRC1_ALPHA' 'I' @112  34185 (8589)
 - public static final 'GL_ARRAY_BUFFER' 'I' @116  34962 (8892)
 - public static final 'GL_ELEMENT_ARRAY_BUFFER' 'I' @120  34963 (8893)
 - public static final 'GL_ARRAY_BUFFER_BINDING' 'I' @124  34964 (8894)
 - public static final 'GL_ELEMENT_ARRAY_BUFFER_BINDING' 'I' @128  34965 (8895)
 - public static final 'GL_VERTEX_ATTRIB_ARRAY_BUFFER_BINDING' 'I' @132  34975 (889f)
 - public static final 'GL_STREAM_DRAW' 'I' @136  35040 (88e0)
 - public static final 'GL_STREAM_READ' 'I' @140  35041 (88e1)
 - public static final 'GL_STREAM_COPY' 'I' @144  35042 (88e2)
 - public static final 'GL_STATIC_DRAW' 'I' @148  35044 (88e4)
 - public static final 'GL_STATIC_READ' 'I' @152  35045 (88e5)
 - public static final 'GL_STATIC_COPY' 'I' @156  35046 (88e6)
 - public static final 'GL_DYNAMIC_DRAW' 'I' @160  35048 (88e8)
 - public static final 'GL_DYNAMIC_READ' 'I' @164  35049 (88e9)
 - public static final 'GL_DYNAMIC_COPY' 'I' @168  35050 (88ea)
 - public static final 'GL_READ_ONLY' 'I' @172  35000 (88b8)
 - public static final 'GL_WRITE_ONLY' 'I' @176  35001 (88b9)
 - public static final 'GL_READ_WRITE' 'I' @180  35002 (88ba)
 - public static final 'GL_BUFFER_SIZE' 'I' @184  34660 (8764)
 - public static final 'GL_BUFFER_USAGE' 'I' @188  34661 (8765)
 - public static final 'GL_BUFFER_ACCESS' 'I' @192  35003 (88bb)
 - public static final 'GL_BUFFER_MAPPED' 'I' @196  35004 (88bc)
 - public static final 'GL_BUFFER_MAP_POINTER' 'I' @200  35005 (88bd)
 - public static final 'GL_SAMPLES_PASSED' 'I' @204  35092 (8914)
 - public static final 'GL_QUERY_COUNTER_BITS' 'I' @208  34916 (8864)
 - public static final 'GL_CURRENT_QUERY' 'I' @212  34917 (8865)
 - public static final 'GL_QUERY_RESULT' 'I' @216  34918 (8866)
 - public static final 'GL_QUERY_RESULT_AVAILABLE' 'I' @220  34919 (8867)
R12=0x0 is NULL
R13={method} {0x000001f682c1cbb0} 'nglGenBuffers' '(IJ)V' in 'org/lwjgl/opengl/GL15C'
R14=0x0000005f2f1fb4e8 is pointing into the stack for thread: 0x000001f6de174270
R15=0x000001f6de174270 is a thread


Registers:
RAX=0x000001f6fbcd0220, RBX=0x000001f682c1cba8, RCX=0x0000000000000001, RDX=0x000001f6fc661eac
RSP=0x0000005f2f1fb428, RBP=0x0000005f2f1fb4b8, RSI=0x000001f6fafe9568, RDI=0x0000000000000001
R8 =0x0000000000000001, R9 =0x000001f6fc661eac, R10=0x0000000000000000, R11=0x00000000e7321f08
R12=0x0000000000000000, R13=0x000001f682c1cba8, R14=0x0000005f2f1fb4e8, R15=0x000001f6de174270
RIP=0x00007ffe6c1bddfd, EFLAGS=0x0000000000010206

Top of Stack: (sp=0x0000005f2f1fb428)
0x0000005f2f1fb428:   000001f6e714d621 0000000000000001
0x0000005f2f1fb438:   000001f6e714d33c 000001f682c1cba8
0x0000005f2f1fb448:   000001f6fafe9568 0000005f2f1fb468
0x0000005f2f1fb458:   0000005f2f1fb4d0 000001f6e71495cd
0x0000005f2f1fb468:   000001f6e714d2f6 0000005f2f1fb470
0x0000005f2f1fb478:   000001f682c1cba8 0000005f2f1fb4e8
0x0000005f2f1fb488:   000001f682c392a0 0000000000000000
0x0000005f2f1fb498:   00000000e7321f08 000001f682c1cba8
0x0000005f2f1fb4a8:   0000000000000000 0000005f2f1fb4d8
0x0000005f2f1fb4b8:   0000005f2f1fb538 000001f6e71494fe
0x0000005f2f1fb4c8:   00000000e7321f08 000001f6e714af78
0x0000005f2f1fb4d8:   000001f6fc661eac 0000000000000000
0x0000005f2f1fb4e8:   0000000000000001 0000005f2f1fb4f0
0x0000005f2f1fb4f8:   000001f682c1cd1c 0000005f2f1fb568
0x0000005f2f1fb508:   000001f682c392a0 0000000000000000
0x0000005f2f1fb518:   00000000e7321f08 000001f682c1cd88 

Instructions: (pc=0x00007ffe6c1bddfd)
0x00007ffe6c1bdcfd:   cc cc cc 48 8b 01 0f 28 cb 41 8b c8 48 8b 50 18
0x00007ffe6c1bdd0d:   48 ff a2 58 0c 00 00 cc cc cc cc cc cc cc cc cc
0x00007ffe6c1bdd1d:   cc cc cc 48 8b 01 41 8b d1 41 8b c8 4c 8b 50 18
0x00007ffe6c1bdd2d:   49 ff a2 60 0c 00 00 cc cc cc cc cc cc cc cc cc
0x00007ffe6c1bdd3d:   cc cc cc 48 8b 01 49 8b d1 41 8b c8 4c 8b 50 18
0x00007ffe6c1bdd4d:   49 ff a2 68 0c 00 00 cc cc cc cc cc cc cc cc cc
0x00007ffe6c1bdd5d:   cc cc cc 48 8b 01 49 8b d1 41 8b c8 4c 8b 50 18
0x00007ffe6c1bdd6d:   49 ff a2 70 0c 00 00 cc cc cc cc cc cc cc cc cc
0x00007ffe6c1bdd7d:   cc cc cc 40 53 48 8b 01 41 8b d8 44 8b 44 24 30
0x00007ffe6c1bdd8d:   41 8b d1 44 8b 4c 24 38 8b cb 4c 8b 50 18 5b 49
0x00007ffe6c1bdd9d:   ff a2 00 0d 00 00 cc cc cc cc cc cc cc cc cc cc
0x00007ffe6c1bddad:   cc cc cc 48 8b 01 41 8b d1 41 8b c8 4c 8b 50 18
0x00007ffe6c1bddbd:   49 ff a2 88 0d 00 00 cc cc cc cc cc cc cc cc cc
0x00007ffe6c1bddcd:   cc cc cc 48 8b 01 49 8b d1 41 8b c8 4c 8b 50 18
0x00007ffe6c1bdddd:   49 ff a2 90 0d 00 00 cc cc cc cc cc cc cc cc cc
0x00007ffe6c1bdded:   cc cc cc 48 8b 01 49 8b d1 41 8b c8 4c 8b 50 18
0x00007ffe6c1bddfd:   49 ff a2 98 0d 00 00 cc cc cc cc cc cc cc cc cc
0x00007ffe6c1bde0d:   cc cc cc 48 8b 01 48 8b 48 18 48 8b 81 a0 0d 00
0x00007ffe6c1bde1d:   00 41 8b c8 48 ff e0 cc cc cc cc cc cc cc cc cc
0x00007ffe6c1bde2d:   cc cc cc 40 53 48 8b 01 41 8b d8 4c 8b 44 24 30
0x00007ffe6c1bde3d:   49 8b d1 44 8b 4c 24 38 8b cb 4c 8b 50 18 5b 49
0x00007ffe6c1bde4d:   ff a2 a8 0d 00 00 cc cc cc cc cc cc cc cc cc cc
0x00007ffe6c1bde5d:   cc cc cc 40 53 48 8b 01 41 8b d8 4c 8b 44 24 30
0x00007ffe6c1bde6d:   49 8b d1 4c 8b 4c 24 38 8b cb 4c 8b 50 18 5b 49
0x00007ffe6c1bde7d:   ff a2 b0 0d 00 00 cc cc cc cc cc cc cc cc cc cc
0x00007ffe6c1bde8d:   cc cc cc 40 53 48 8b 01 41 8b d8 4c 8b 44 24 30
0x00007ffe6c1bde9d:   49 8b d1 4c 8b 4c 24 38 8b cb 4c 8b 50 18 5b 49
0x00007ffe6c1bdead:   ff a2 b8 0d 00 00 cc cc cc cc cc cc cc cc cc cc
0x00007ffe6c1bdebd:   cc cc cc 48 8b 01 41 8b d1 48 8b 48 18 48 8b 81
0x00007ffe6c1bdecd:   c0 0d 00 00 41 8b c8 48 ff e0 cc cc cc cc cc cc
0x00007ffe6c1bdedd:   cc cc cc 48 8b 01 48 8b 48 18 48 8b 81 c8 0d 00
0x00007ffe6c1bdeed:   00 41 8b c8 48 ff e0 cc cc cc cc cc cc cc cc cc 


Stack slot to memory mapping:
stack at sp + 0 slots: 0x000001f6e714d621 is at code_begin+993 in an Interpreter codelet
method entry point (kind = native)  [0x000001f6e714d240, 0x000001f6e714dbc0]  2432 bytes
stack at sp + 1 slots: 0x0000000000000001 is an unknown value
stack at sp + 2 slots: 0x000001f6e714d33c is at code_begin+252 in an Interpreter codelet
method entry point (kind = native)  [0x000001f6e714d240, 0x000001f6e714dbc0]  2432 bytes
stack at sp + 3 slots: {method} {0x000001f682c1cbb0} 'nglGenBuffers' '(IJ)V' in 'org/lwjgl/opengl/GL15C'
stack at sp + 4 slots: 0x000001f6fafe9568 is pointing into metadata
stack at sp + 5 slots: 0x0000005f2f1fb468 is pointing into the stack for thread: 0x000001f6de174270
stack at sp + 6 slots: 0x0000005f2f1fb4d0 is pointing into the stack for thread: 0x000001f6de174270
stack at sp + 7 slots: 0x000001f6e71495cd is at code_begin+1325 in an Interpreter codelet
return entry points  [0x000001f6e71490a0, 0x000001f6e7149ba0]  2816 bytes


---------------  P R O C E S S  ---------------

Threads class SMR info:
_java_thread_list=0x000001f6fcf3dc40, length=16, elements={
0x000001f6de174270, 0x000001f6fa8ce3e0, 0x000001f6fa8ceea0, 0x000001f6fa8e86a0,
0x000001f6fa8e9160, 0x000001f6fa8eda40, 0x000001f6fa8ee300, 0x000001f6fa8eeef0,
0x000001f6fa8ef7f0, 0x000001f6fa8fb600, 0x000001f6fb4c5e00, 0x000001f6fb4c7100,
0x000001f6fb9c4860, 0x000001f6fbb0bf70, 0x000001f6fba879e0, 0x000001f6fbbcb630
}

Java Threads: ( => current thread )
=>0x000001f6de174270 JavaThread "Test worker" [_thread_in_native, id=21200, stack(0x0000005f2f100000,0x0000005f2f200000)]
  0x000001f6fa8ce3e0 JavaThread "Reference Handler" daemon [_thread_blocked, id=23108, stack(0x0000005f2f800000,0x0000005f2f900000)]
  0x000001f6fa8ceea0 JavaThread "Finalizer" daemon [_thread_blocked, id=19408, stack(0x0000005f2f900000,0x0000005f2fa00000)]
  0x000001f6fa8e86a0 JavaThread "Signal Dispatcher" daemon [_thread_blocked, id=21976, stack(0x0000005f2fa00000,0x0000005f2fb00000)]
  0x000001f6fa8e9160 JavaThread "Attach Listener" daemon [_thread_blocked, id=9928, stack(0x0000005f2fb00000,0x0000005f2fc00000)]
  0x000001f6fa8eda40 JavaThread "Service Thread" daemon [_thread_blocked, id=9640, stack(0x0000005f2fc00000,0x0000005f2fd00000)]
  0x000001f6fa8ee300 JavaThread "Monitor Deflation Thread" daemon [_thread_blocked, id=16768, stack(0x0000005f2fd00000,0x0000005f2fe00000)]
  0x000001f6fa8eeef0 JavaThread "C2 CompilerThread0" daemon [_thread_blocked, id=3436, stack(0x0000005f2fe00000,0x0000005f2ff00000)]
  0x000001f6fa8ef7f0 JavaThread "C1 CompilerThread0" daemon [_thread_blocked, id=276, stack(0x0000005f2ff00000,0x0000005f30000000)]
  0x000001f6fa8fb600 JavaThread "Sweeper thread" daemon [_thread_blocked, id=16880, stack(0x0000005f30000000,0x0000005f30100000)]
  0x000001f6fb4c5e00 JavaThread "Common-Cleaner" daemon [_thread_blocked, id=6692, stack(0x0000005f30100000,0x0000005f30200000)]
  0x000001f6fb4c7100 JavaThread "Notification Thread" daemon [_thread_blocked, id=1180, stack(0x0000005f30200000,0x0000005f30300000)]
  0x000001f6fb9c4860 JavaThread "/127.0.0.1:51293 to /127.0.0.1:51292 workers" [_thread_blocked, id=6696, stack(0x0000005f30500000,0x0000005f30600000)]
  0x000001f6fbb0bf70 JavaThread "/127.0.0.1:51293 to /127.0.0.1:51292 workers Thread 2" [_thread_blocked, id=4928, stack(0x0000005f30600000,0x0000005f30700000)]
  0x000001f6fba879e0 JavaThread "/127.0.0.1:51293 to /127.0.0.1:51292 workers Thread 3" [_thread_in_native, id=12432, stack(0x0000005f30700000,0x0000005f30800000)]
  0x000001f6fbbcb630 JavaThread "C2 CompilerThread1" daemon [_thread_blocked, id=5200, stack(0x0000005f30800000,0x0000005f30900000)]

Other Threads:
  0x000001f6fa8c9a30 VMThread "VM Thread" [stack: 0x0000005f2f700000,0x0000005f2f800000] [id=3320]
  0x000001f6de1a97b0 WatcherThread [stack: 0x0000005f30300000,0x0000005f30400000] [id=8480]
  0x000001f6de19ce90 GCTaskThread "GC Thread#0" [stack: 0x0000005f2f200000,0x0000005f2f300000] [id=14984]
  0x000001f6fbcd3a20 GCTaskThread "GC Thread#1" [stack: 0x0000005f30a00000,0x0000005f30b00000] [id=15392]
  0x000001f6fb5568d0 GCTaskThread "GC Thread#2" [stack: 0x0000005f30b00000,0x0000005f30c00000] [id=19148]
  0x000001f6fc7df100 GCTaskThread "GC Thread#3" [stack: 0x0000005f30c00000,0x0000005f30d00000] [id=22448]
  0x000001f6fc35ed20 GCTaskThread "GC Thread#4" [stack: 0x0000005f30d00000,0x0000005f30e00000] [id=23260]
  0x000001f6fc3ea0b0 GCTaskThread "GC Thread#5" [stack: 0x0000005f30e00000,0x0000005f30f00000] [id=15200]
  0x000001f6fc8d5010 GCTaskThread "GC Thread#6" [stack: 0x0000005f30f00000,0x0000005f31000000] [id=16016]
  0x000001f6fbbf5090 GCTaskThread "GC Thread#7" [stack: 0x0000005f31000000,0x0000005f31100000] [id=19840]
  0x000001f6de1a1ce0 ConcurrentGCThread "G1 Main Marker" [stack: 0x0000005f2f300000,0x0000005f2f400000] [id=6412]
  0x000001f6de1a2600 ConcurrentGCThread "G1 Conc#0" [stack: 0x0000005f2f400000,0x0000005f2f500000] [id=17944]
  0x000001f6de2484d0 ConcurrentGCThread "G1 Refine#0" [stack: 0x0000005f2f500000,0x0000005f2f600000] [id=12252]
  0x000001f6fbac7fe0 ConcurrentGCThread "G1 Refine#1" [stack: 0x0000005f31100000,0x0000005f31200000] [id=19596]
  0x000001f6fbc91a60 ConcurrentGCThread "G1 Refine#2" [stack: 0x0000005f31200000,0x0000005f31300000] [id=1236]
  0x000001f6de248e00 ConcurrentGCThread "G1 Service" [stack: 0x0000005f2f600000,0x0000005f2f700000] [id=9556]

Threads with active compile tasks:

VM state: not at safepoint (normal execution)

VM Mutex/Monitor currently owned by a thread: None

Heap address: 0x00000000e0000000, size: 512 MB, Compressed Oops mode: 32-bit

CDS archive(s) mapped at: [0x0000000800000000-0x0000000800bc0000-0x0000000800bc0000), size 12320768, SharedBaseAddress: 0x0000000800000000, ArchiveRelocationMode: 0.
Compressed class space mapped at: 0x0000000800c00000-0x0000000840c00000, reserved size: 1073741824
Narrow klass base: 0x0000000800000000, Narrow klass shift: 0, Narrow klass range: 0x100000000

GC Precious Log:
 CPUs: 8 total, 8 available
 Memory: 7948M
 Large Page Support: Disabled
 NUMA Support: Disabled
 Compressed Oops: Enabled (32-bit)
 Heap Region Size: 1M
 Heap Min Capacity: 8M
 Heap Initial Capacity: 126M
 Heap Max Capacity: 512M
 Pre-touch: Disabled
 Parallel Workers: 8
 Concurrent Workers: 2
 Concurrent Refinement Workers: 8
 Periodic GC: Disabled

Heap:
 garbage-first heap   total 129024K, used 17074K [0x00000000e0000000, 0x0000000100000000)
  region size 1024K, 14 young (14336K), 3 survivors (3072K)
 Metaspace       used 9443K, committed 9664K, reserved 1064960K
  class space    used 1158K, committed 1280K, reserved 1048576K

Heap Regions: E=young(eden), S=young(survivor), O=old, HS=humongous(starts), HC=humongous(continues), CS=collection set, F=free, OA=open archive, CA=closed archive, TAMS=top-at-mark-start (previous, next)
|   0|0x00000000e0000000, 0x00000000e0100000, 0x00000000e0100000|100%|HS|  |TAMS 0x00000000e0000000, 0x00000000e0000000| Complete 
|   1|0x00000000e0100000, 0x00000000e0200000, 0x00000000e0200000|100%|HC|  |TAMS 0x00000000e0100000, 0x00000000e0100000| Complete 
|   2|0x00000000e0200000, 0x00000000e0300000, 0x00000000e0300000|100%| O|  |TAMS 0x00000000e0200000, 0x00000000e0200000| Untracked 
|   3|0x00000000e0300000, 0x00000000e03aca00, 0x00000000e0400000| 67%| O|  |TAMS 0x00000000e0300000, 0x00000000e0300000| Untracked 
|   4|0x00000000e0400000, 0x00000000e0400000, 0x00000000e0500000|  0%| F|  |TAMS 0x00000000e0400000, 0x00000000e0400000| Untracked 
|   5|0x00000000e0500000, 0x00000000e0500000, 0x00000000e0600000|  0%| F|  |TAMS 0x00000000e0500000, 0x00000000e0500000| Untracked 
|   6|0x00000000e0600000, 0x00000000e0600000, 0x00000000e0700000|  0%| F|  |TAMS 0x00000000e0600000, 0x00000000e0600000| Untracked 
|   7|0x00000000e0700000, 0x00000000e0700000, 0x00000000e0800000|  0%| F|  |TAMS 0x00000000e0700000, 0x00000000e0700000| Untracked 
|   8|0x00000000e0800000, 0x00000000e0800000, 0x00000000e0900000|  0%| F|  |TAMS 0x00000000e0800000, 0x00000000e0800000| Untracked 
|   9|0x00000000e0900000, 0x00000000e0900000, 0x00000000e0a00000|  0%| F|  |TAMS 0x00000000e0900000, 0x00000000e0900000| Untracked 
|  10|0x00000000e0a00000, 0x00000000e0a00000, 0x00000000e0b00000|  0%| F|  |TAMS 0x00000000e0a00000, 0x00000000e0a00000| Untracked 
|  11|0x00000000e0b00000, 0x00000000e0b00000, 0x00000000e0c00000|  0%| F|  |TAMS 0x00000000e0b00000, 0x00000000e0b00000| Untracked 
|  12|0x00000000e0c00000, 0x00000000e0c00000, 0x00000000e0d00000|  0%| F|  |TAMS 0x00000000e0c00000, 0x00000000e0c00000| Untracked 
|  13|0x00000000e0d00000, 0x00000000e0d00000, 0x00000000e0e00000|  0%| F|  |TAMS 0x00000000e0d00000, 0x00000000e0d00000| Untracked 
|  14|0x00000000e0e00000, 0x00000000e0e00000, 0x00000000e0f00000|  0%| F|  |TAMS 0x00000000e0e00000, 0x00000000e0e00000| Untracked 
|  15|0x00000000e0f00000, 0x00000000e0f00000, 0x00000000e1000000|  0%| F|  |TAMS 0x00000000e0f00000, 0x00000000e0f00000| Untracked 
|  16|0x00000000e1000000, 0x00000000e1000000, 0x00000000e1100000|  0%| F|  |TAMS 0x00000000e1000000, 0x00000000e1000000| Untracked 
|  17|0x00000000e1100000, 0x00000000e1100000, 0x00000000e1200000|  0%| F|  |TAMS 0x00000000e1100000, 0x00000000e1100000| Untracked 
|  18|0x00000000e1200000, 0x00000000e1200000, 0x00000000e1300000|  0%| F|  |TAMS 0x00000000e1200000, 0x00000000e1200000| Untracked 
|  19|0x00000000e1300000, 0x00000000e1300000, 0x00000000e1400000|  0%| F|  |TAMS 0x00000000e1300000, 0x00000000e1300000| Untracked 
|  20|0x00000000e1400000, 0x00000000e1400000, 0x00000000e1500000|  0%| F|  |TAMS 0x00000000e1400000, 0x00000000e1400000| Untracked 
|  21|0x00000000e1500000, 0x00000000e1500000, 0x00000000e1600000|  0%| F|  |TAMS 0x00000000e1500000, 0x00000000e1500000| Untracked 
|  22|0x00000000e1600000, 0x00000000e1600000, 0x00000000e1700000|  0%| F|  |TAMS 0x00000000e1600000, 0x00000000e1600000| Untracked 
|  23|0x00000000e1700000, 0x00000000e1700000, 0x00000000e1800000|  0%| F|  |TAMS 0x00000000e1700000, 0x00000000e1700000| Untracked 
|  24|0x00000000e1800000, 0x00000000e1800000, 0x00000000e1900000|  0%| F|  |TAMS 0x00000000e1800000, 0x00000000e1800000| Untracked 
|  25|0x00000000e1900000, 0x00000000e1900000, 0x00000000e1a00000|  0%| F|  |TAMS 0x00000000e1900000, 0x00000000e1900000| Untracked 
|  26|0x00000000e1a00000, 0x00000000e1a00000, 0x00000000e1b00000|  0%| F|  |TAMS 0x00000000e1a00000, 0x00000000e1a00000| Untracked 
|  27|0x00000000e1b00000, 0x00000000e1b00000, 0x00000000e1c00000|  0%| F|  |TAMS 0x00000000e1b00000, 0x00000000e1b00000| Untracked 
|  28|0x00000000e1c00000, 0x00000000e1c00000, 0x00000000e1d00000|  0%| F|  |TAMS 0x00000000e1c00000, 0x00000000e1c00000| Untracked 
|  29|0x00000000e1d00000, 0x00000000e1d00000, 0x00000000e1e00000|  0%| F|  |TAMS 0x00000000e1d00000, 0x00000000e1d00000| Untracked 
|  30|0x00000000e1e00000, 0x00000000e1e00000, 0x00000000e1f00000|  0%| F|  |TAMS 0x00000000e1e00000, 0x00000000e1e00000| Untracked 
|  31|0x00000000e1f00000, 0x00000000e1f00000, 0x00000000e2000000|  0%| F|  |TAMS 0x00000000e1f00000, 0x00000000e1f00000| Untracked 
|  32|0x00000000e2000000, 0x00000000e2000000, 0x00000000e2100000|  0%| F|  |TAMS 0x00000000e2000000, 0x00000000e2000000| Untracked 
|  33|0x00000000e2100000, 0x00000000e2100000, 0x00000000e2200000|  0%| F|  |TAMS 0x00000000e2100000, 0x00000000e2100000| Untracked 
|  34|0x00000000e2200000, 0x00000000e2200000, 0x00000000e2300000|  0%| F|  |TAMS 0x00000000e2200000, 0x00000000e2200000| Untracked 
|  35|0x00000000e2300000, 0x00000000e2300000, 0x00000000e2400000|  0%| F|  |TAMS 0x00000000e2300000, 0x00000000e2300000| Untracked 
|  36|0x00000000e2400000, 0x00000000e2400000, 0x00000000e2500000|  0%| F|  |TAMS 0x00000000e2400000, 0x00000000e2400000| Untracked 
|  37|0x00000000e2500000, 0x00000000e2500000, 0x00000000e2600000|  0%| F|  |TAMS 0x00000000e2500000, 0x00000000e2500000| Untracked 
|  38|0x00000000e2600000, 0x00000000e2600000, 0x00000000e2700000|  0%| F|  |TAMS 0x00000000e2600000, 0x00000000e2600000| Untracked 
|  39|0x00000000e2700000, 0x00000000e2700000, 0x00000000e2800000|  0%| F|  |TAMS 0x00000000e2700000, 0x00000000e2700000| Untracked 
|  40|0x00000000e2800000, 0x00000000e2800000, 0x00000000e2900000|  0%| F|  |TAMS 0x00000000e2800000, 0x00000000e2800000| Untracked 
|  41|0x00000000e2900000, 0x00000000e2900000, 0x00000000e2a00000|  0%| F|  |TAMS 0x00000000e2900000, 0x00000000e2900000| Untracked 
|  42|0x00000000e2a00000, 0x00000000e2a00000, 0x00000000e2b00000|  0%| F|  |TAMS 0x00000000e2a00000, 0x00000000e2a00000| Untracked 
|  43|0x00000000e2b00000, 0x00000000e2b00000, 0x00000000e2c00000|  0%| F|  |TAMS 0x00000000e2b00000, 0x00000000e2b00000| Untracked 
|  44|0x00000000e2c00000, 0x00000000e2c00000, 0x00000000e2d00000|  0%| F|  |TAMS 0x00000000e2c00000, 0x00000000e2c00000| Untracked 
|  45|0x00000000e2d00000, 0x00000000e2d00000, 0x00000000e2e00000|  0%| F|  |TAMS 0x00000000e2d00000, 0x00000000e2d00000| Untracked 
|  46|0x00000000e2e00000, 0x00000000e2e00000, 0x00000000e2f00000|  0%| F|  |TAMS 0x00000000e2e00000, 0x00000000e2e00000| Untracked 
|  47|0x00000000e2f00000, 0x00000000e2f00000, 0x00000000e3000000|  0%| F|  |TAMS 0x00000000e2f00000, 0x00000000e2f00000| Untracked 
|  48|0x00000000e3000000, 0x00000000e3000000, 0x00000000e3100000|  0%| F|  |TAMS 0x00000000e3000000, 0x00000000e3000000| Untracked 
|  49|0x00000000e3100000, 0x00000000e3100000, 0x00000000e3200000|  0%| F|  |TAMS 0x00000000e3100000, 0x00000000e3100000| Untracked 
|  50|0x00000000e3200000, 0x00000000e3200000, 0x00000000e3300000|  0%| F|  |TAMS 0x00000000e3200000, 0x00000000e3200000| Untracked 
|  51|0x00000000e3300000, 0x00000000e3300000, 0x00000000e3400000|  0%| F|  |TAMS 0x00000000e3300000, 0x00000000e3300000| Untracked 
|  52|0x00000000e3400000, 0x00000000e3400000, 0x00000000e3500000|  0%| F|  |TAMS 0x00000000e3400000, 0x00000000e3400000| Untracked 
|  53|0x00000000e3500000, 0x00000000e3500000, 0x00000000e3600000|  0%| F|  |TAMS 0x00000000e3500000, 0x00000000e3500000| Untracked 
|  54|0x00000000e3600000, 0x00000000e3600000, 0x00000000e3700000|  0%| F|  |TAMS 0x00000000e3600000, 0x00000000e3600000| Untracked 
|  55|0x00000000e3700000, 0x00000000e3700000, 0x00000000e3800000|  0%| F|  |TAMS 0x00000000e3700000, 0x00000000e3700000| Untracked 
|  56|0x00000000e3800000, 0x00000000e3800000, 0x00000000e3900000|  0%| F|  |TAMS 0x00000000e3800000, 0x00000000e3800000| Untracked 
|  57|0x00000000e3900000, 0x00000000e3900000, 0x00000000e3a00000|  0%| F|  |TAMS 0x00000000e3900000, 0x00000000e3900000| Untracked 
|  58|0x00000000e3a00000, 0x00000000e3a00000, 0x00000000e3b00000|  0%| F|  |TAMS 0x00000000e3a00000, 0x00000000e3a00000| Untracked 
|  59|0x00000000e3b00000, 0x00000000e3b00000, 0x00000000e3c00000|  0%| F|  |TAMS 0x00000000e3b00000, 0x00000000e3b00000| Untracked 
|  60|0x00000000e3c00000, 0x00000000e3c00000, 0x00000000e3d00000|  0%| F|  |TAMS 0x00000000e3c00000, 0x00000000e3c00000| Untracked 
|  61|0x00000000e3d00000, 0x00000000e3d00000, 0x00000000e3e00000|  0%| F|  |TAMS 0x00000000e3d00000, 0x00000000e3d00000| Untracked 
|  62|0x00000000e3e00000, 0x00000000e3e00000, 0x00000000e3f00000|  0%| F|  |TAMS 0x00000000e3e00000, 0x00000000e3e00000| Untracked 
|  63|0x00000000e3f00000, 0x00000000e3f00000, 0x00000000e4000000|  0%| F|  |TAMS 0x00000000e3f00000, 0x00000000e3f00000| Untracked 
|  64|0x00000000e4000000, 0x00000000e4000000, 0x00000000e4100000|  0%| F|  |TAMS 0x00000000e4000000, 0x00000000e4000000| Untracked 
|  65|0x00000000e4100000, 0x00000000e4100000, 0x00000000e4200000|  0%| F|  |TAMS 0x00000000e4100000, 0x00000000e4100000| Untracked 
|  66|0x00000000e4200000, 0x00000000e4200000, 0x00000000e4300000|  0%| F|  |TAMS 0x00000000e4200000, 0x00000000e4200000| Untracked 
|  67|0x00000000e4300000, 0x00000000e4300000, 0x00000000e4400000|  0%| F|  |TAMS 0x00000000e4300000, 0x00000000e4300000| Untracked 
|  68|0x00000000e4400000, 0x00000000e4400000, 0x00000000e4500000|  0%| F|  |TAMS 0x00000000e4400000, 0x00000000e4400000| Untracked 
|  69|0x00000000e4500000, 0x00000000e4500000, 0x00000000e4600000|  0%| F|  |TAMS 0x00000000e4500000, 0x00000000e4500000| Untracked 
|  70|0x00000000e4600000, 0x00000000e4600000, 0x00000000e4700000|  0%| F|  |TAMS 0x00000000e4600000, 0x00000000e4600000| Untracked 
|  71|0x00000000e4700000, 0x00000000e4700000, 0x00000000e4800000|  0%| F|  |TAMS 0x00000000e4700000, 0x00000000e4700000| Untracked 
|  72|0x00000000e4800000, 0x00000000e4800000, 0x00000000e4900000|  0%| F|  |TAMS 0x00000000e4800000, 0x00000000e4800000| Untracked 
|  73|0x00000000e4900000, 0x00000000e4900000, 0x00000000e4a00000|  0%| F|  |TAMS 0x00000000e4900000, 0x00000000e4900000| Untracked 
|  74|0x00000000e4a00000, 0x00000000e4a00000, 0x00000000e4b00000|  0%| F|  |TAMS 0x00000000e4a00000, 0x00000000e4a00000| Untracked 
|  75|0x00000000e4b00000, 0x00000000e4b00000, 0x00000000e4c00000|  0%| F|  |TAMS 0x00000000e4b00000, 0x00000000e4b00000| Untracked 
|  76|0x00000000e4c00000, 0x00000000e4c00000, 0x00000000e4d00000|  0%| F|  |TAMS 0x00000000e4c00000, 0x00000000e4c00000| Untracked 
|  77|0x00000000e4d00000, 0x00000000e4d00000, 0x00000000e4e00000|  0%| F|  |TAMS 0x00000000e4d00000, 0x00000000e4d00000| Untracked 
|  78|0x00000000e4e00000, 0x00000000e4e00000, 0x00000000e4f00000|  0%| F|  |TAMS 0x00000000e4e00000, 0x00000000e4e00000| Untracked 
|  79|0x00000000e4f00000, 0x00000000e4f00000, 0x00000000e5000000|  0%| F|  |TAMS 0x00000000e4f00000, 0x00000000e4f00000| Untracked 
|  80|0x00000000e5000000, 0x00000000e5000000, 0x00000000e5100000|  0%| F|  |TAMS 0x00000000e5000000, 0x00000000e5000000| Untracked 
|  81|0x00000000e5100000, 0x00000000e5100000, 0x00000000e5200000|  0%| F|  |TAMS 0x00000000e5100000, 0x00000000e5100000| Untracked 
|  82|0x00000000e5200000, 0x00000000e5200000, 0x00000000e5300000|  0%| F|  |TAMS 0x00000000e5200000, 0x00000000e5200000| Untracked 
|  83|0x00000000e5300000, 0x00000000e5300000, 0x00000000e5400000|  0%| F|  |TAMS 0x00000000e5300000, 0x00000000e5300000| Untracked 
|  84|0x00000000e5400000, 0x00000000e5400000, 0x00000000e5500000|  0%| F|  |TAMS 0x00000000e5400000, 0x00000000e5400000| Untracked 
|  85|0x00000000e5500000, 0x00000000e5500000, 0x00000000e5600000|  0%| F|  |TAMS 0x00000000e5500000, 0x00000000e5500000| Untracked 
|  86|0x00000000e5600000, 0x00000000e5600000, 0x00000000e5700000|  0%| F|  |TAMS 0x00000000e5600000, 0x00000000e5600000| Untracked 
|  87|0x00000000e5700000, 0x00000000e5700000, 0x00000000e5800000|  0%| F|  |TAMS 0x00000000e5700000, 0x00000000e5700000| Untracked 
|  88|0x00000000e5800000, 0x00000000e5800000, 0x00000000e5900000|  0%| F|  |TAMS 0x00000000e5800000, 0x00000000e5800000| Untracked 
|  89|0x00000000e5900000, 0x00000000e5900000, 0x00000000e5a00000|  0%| F|  |TAMS 0x00000000e5900000, 0x00000000e5900000| Untracked 
|  90|0x00000000e5a00000, 0x00000000e5a00000, 0x00000000e5b00000|  0%| F|  |TAMS 0x00000000e5a00000, 0x00000000e5a00000| Untracked 
|  91|0x00000000e5b00000, 0x00000000e5b00000, 0x00000000e5c00000|  0%| F|  |TAMS 0x00000000e5b00000, 0x00000000e5b00000| Untracked 
|  92|0x00000000e5c00000, 0x00000000e5c00000, 0x00000000e5d00000|  0%| F|  |TAMS 0x00000000e5c00000, 0x00000000e5c00000| Untracked 
|  93|0x00000000e5d00000, 0x00000000e5d00000, 0x00000000e5e00000|  0%| F|  |TAMS 0x00000000e5d00000, 0x00000000e5d00000| Untracked 
|  94|0x00000000e5e00000, 0x00000000e5e00000, 0x00000000e5f00000|  0%| F|  |TAMS 0x00000000e5e00000, 0x00000000e5e00000| Untracked 
|  95|0x00000000e5f00000, 0x00000000e5f00000, 0x00000000e6000000|  0%| F|  |TAMS 0x00000000e5f00000, 0x00000000e5f00000| Untracked 
|  96|0x00000000e6000000, 0x00000000e6000000, 0x00000000e6100000|  0%| F|  |TAMS 0x00000000e6000000, 0x00000000e6000000| Untracked 
|  97|0x00000000e6100000, 0x00000000e6100000, 0x00000000e6200000|  0%| F|  |TAMS 0x00000000e6100000, 0x00000000e6100000| Untracked 
|  98|0x00000000e6200000, 0x00000000e6200000, 0x00000000e6300000|  0%| F|  |TAMS 0x00000000e6200000, 0x00000000e6200000| Untracked 
|  99|0x00000000e6300000, 0x00000000e6300000, 0x00000000e6400000|  0%| F|  |TAMS 0x00000000e6300000, 0x00000000e6300000| Untracked 
| 100|0x00000000e6400000, 0x00000000e6500000, 0x00000000e6500000|100%| S|CS|TAMS 0x00000000e6400000, 0x00000000e6400000| Complete 
| 101|0x00000000e6500000, 0x00000000e6600000, 0x00000000e6600000|100%| S|CS|TAMS 0x00000000e6500000, 0x00000000e6500000| Complete 
| 102|0x00000000e6600000, 0x00000000e6700000, 0x00000000e6700000|100%| S|CS|TAMS 0x00000000e6600000, 0x00000000e6600000| Complete 
| 103|0x00000000e6700000, 0x00000000e6700000, 0x00000000e6800000|  0%| F|  |TAMS 0x00000000e6700000, 0x00000000e6700000| Untracked 
| 104|0x00000000e6800000, 0x00000000e6800000, 0x00000000e6900000|  0%| F|  |TAMS 0x00000000e6800000, 0x00000000e6800000| Untracked 
| 105|0x00000000e6900000, 0x00000000e6900000, 0x00000000e6a00000|  0%| F|  |TAMS 0x00000000e6900000, 0x00000000e6900000| Untracked 
| 106|0x00000000e6a00000, 0x00000000e6a00000, 0x00000000e6b00000|  0%| F|  |TAMS 0x00000000e6a00000, 0x00000000e6a00000| Untracked 
| 107|0x00000000e6b00000, 0x00000000e6b00000, 0x00000000e6c00000|  0%| F|  |TAMS 0x00000000e6b00000, 0x00000000e6b00000| Untracked 
| 108|0x00000000e6c00000, 0x00000000e6c00000, 0x00000000e6d00000|  0%| F|  |TAMS 0x00000000e6c00000, 0x00000000e6c00000| Untracked 
| 109|0x00000000e6d00000, 0x00000000e6d00000, 0x00000000e6e00000|  0%| F|  |TAMS 0x00000000e6d00000, 0x00000000e6d00000| Untracked 
| 110|0x00000000e6e00000, 0x00000000e6e00000, 0x00000000e6f00000|  0%| F|  |TAMS 0x00000000e6e00000, 0x00000000e6e00000| Untracked 
| 111|0x00000000e6f00000, 0x00000000e6f00000, 0x00000000e7000000|  0%| F|  |TAMS 0x00000000e6f00000, 0x00000000e6f00000| Untracked 
| 112|0x00000000e7000000, 0x00000000e7000000, 0x00000000e7100000|  0%| F|  |TAMS 0x00000000e7000000, 0x00000000e7000000| Untracked 
| 113|0x00000000e7100000, 0x00000000e7100000, 0x00000000e7200000|  0%| F|  |TAMS 0x00000000e7100000, 0x00000000e7100000| Untracked 
| 114|0x00000000e7200000, 0x00000000e7200000, 0x00000000e7300000|  0%| F|  |TAMS 0x00000000e7200000, 0x00000000e7200000| Untracked 
| 115|0x00000000e7300000, 0x00000000e73896a0, 0x00000000e7400000| 53%| E|  |TAMS 0x00000000e7300000, 0x00000000e7300000| Complete 
| 116|0x00000000e7400000, 0x00000000e7500000, 0x00000000e7500000|100%| E|CS|TAMS 0x00000000e7400000, 0x00000000e7400000| Complete 
| 117|0x00000000e7500000, 0x00000000e7600000, 0x00000000e7600000|100%| E|CS|TAMS 0x00000000e7500000, 0x00000000e7500000| Complete 
| 118|0x00000000e7600000, 0x00000000e7700000, 0x00000000e7700000|100%| E|CS|TAMS 0x00000000e7600000, 0x00000000e7600000| Complete 
| 119|0x00000000e7700000, 0x00000000e7800000, 0x00000000e7800000|100%| E|CS|TAMS 0x00000000e7700000, 0x00000000e7700000| Complete 
| 120|0x00000000e7800000, 0x00000000e7900000, 0x00000000e7900000|100%| E|CS|TAMS 0x00000000e7800000, 0x00000000e7800000| Complete 
| 121|0x00000000e7900000, 0x00000000e7a00000, 0x00000000e7a00000|100%| E|CS|TAMS 0x00000000e7900000, 0x00000000e7900000| Complete 
| 122|0x00000000e7a00000, 0x00000000e7b00000, 0x00000000e7b00000|100%| E|CS|TAMS 0x00000000e7a00000, 0x00000000e7a00000| Complete 
| 123|0x00000000e7b00000, 0x00000000e7c00000, 0x00000000e7c00000|100%| E|CS|TAMS 0x00000000e7b00000, 0x00000000e7b00000| Complete 
| 124|0x00000000e7c00000, 0x00000000e7d00000, 0x00000000e7d00000|100%| E|CS|TAMS 0x00000000e7c00000, 0x00000000e7c00000| Complete 
| 125|0x00000000e7d00000, 0x00000000e7e00000, 0x00000000e7e00000|100%| E|CS|TAMS 0x00000000e7d00000, 0x00000000e7d00000| Complete 

Card table byte_map: [0x000001f6f6cc0000,0x000001f6f6dc0000] _byte_map_base: 0x000001f6f65c0000

Marking Bits (Prev, Next): (CMBitMap*) 0x000001f6de19d3b0, (CMBitMap*) 0x000001f6de19d3f0
 Prev Bits: [0x000001f6f6ec0000, 0x000001f6f76c0000)
 Next Bits: [0x000001f6f76c0000, 0x000001f6f7ec0000)

Polling page: 0x000001f6e7120000

Metaspace:

Usage:
  Non-class:      8.09 MB used.
      Class:      1.13 MB used.
       Both:      9.22 MB used.

Virtual space:
  Non-class space:       16.00 MB reserved,       8.19 MB ( 51%) committed,  2 nodes.
      Class space:        1.00 GB reserved,       1.25 MB ( <1%) committed,  1 nodes.
             Both:        1.02 GB reserved,       9.44 MB ( <1%) committed. 

Chunk freelists:
   Non-Class:  3.75 MB
       Class:  2.73 MB
        Both:  6.48 MB

MaxMetaspaceSize: unlimited
CompressedClassSpaceSize: 1.00 GB
Initial GC threshold: 21.00 MB
Current GC threshold: 21.00 MB
CDS: on
MetaspaceReclaimPolicy: balanced
 - commit_granule_bytes: 65536.
 - commit_granule_words: 8192.
 - virtual_space_node_default_size: 1048576.
 - enlarge_chunks_in_place: 1.
 - new_chunks_are_fully_committed: 0.
 - uncommit_free_chunks: 1.
 - use_allocation_guard: 0.
 - handle_deallocations: 1.


Internal statistics:

num_allocs_failed_limit: 0.
num_arena_births: 182.
num_arena_deaths: 0.
num_vsnodes_births: 3.
num_vsnodes_deaths: 0.
num_space_committed: 151.
num_space_uncommitted: 0.
num_chunks_returned_to_freelist: 0.
num_chunks_taken_from_freelist: 474.
num_chunk_merges: 0.
num_chunk_splits: 281.
num_chunks_enlarged: 184.
num_purges: 0.
num_inconsistent_stats: 0.

CodeHeap 'non-profiled nmethods': size=120000Kb used=538Kb max_used=538Kb free=119461Kb
 bounds [0x000001f6eec10000, 0x000001f6eee80000, 0x000001f6f6140000]
CodeHeap 'profiled nmethods': size=120000Kb used=2924Kb max_used=2924Kb free=117075Kb
 bounds [0x000001f6e76e0000, 0x000001f6e79c0000, 0x000001f6eec10000]
CodeHeap 'non-nmethods': size=5760Kb used=1586Kb max_used=1600Kb free=4173Kb
 bounds [0x000001f6e7140000, 0x000001f6e73b0000, 0x000001f6e76e0000]
 total_blobs=2468 nmethods=1471 adapters=910
 compilation: enabled
              stopped_count=0, restarted_count=0
 full_count=0

Compilation events (20 events):
Event: 1.449 Thread 0x000001f6fa8ef7f0 1462       3       sun.nio.fs.WindowsPathParser::normalize (233 bytes)
Event: 1.453 Thread 0x000001f6fa8ef7f0 nmethod 1462 0x000001f6e79b3010 code [0x000001f6e79b35e0, 0x000001f6e79b6208]
Event: 1.453 Thread 0x000001f6fa8ef7f0 1463       3       jdk.internal.misc.Unsafe::copyMemory (33 bytes)
Event: 1.454 Thread 0x000001f6fa8ef7f0 nmethod 1463 0x000001f6e79b7310 code [0x000001f6e79b75c0, 0x000001f6e79b8318]
Event: 1.454 Thread 0x000001f6fa8ef7f0 1464       3       jdk.internal.misc.Unsafe::copyMemoryChecks (21 bytes)
Event: 1.455 Thread 0x000001f6fa8ef7f0 nmethod 1464 0x000001f6e79b8910 code [0x000001f6e79b8bc0, 0x000001f6e79b9908]
Event: 1.455 Thread 0x000001f6fa8ef7f0 1465       3       java.nio.MappedByteBuffer::limit (8 bytes)
Event: 1.455 Thread 0x000001f6fa8ef7f0 nmethod 1465 0x000001f6e79b9e90 code [0x000001f6e79ba040, 0x000001f6e79ba1e8]
Event: 1.457 Thread 0x000001f6fa8ef7f0 1466       3       org.lwjgl.system.MemoryUtil::encodeASCIIUnsafe (53 bytes)
Event: 1.457 Thread 0x000001f6fa8ef7f0 nmethod 1466 0x000001f6e79ba290 code [0x000001f6e79ba460, 0x000001f6e79ba878]
Event: 1.457 Thread 0x000001f6fa8ef7f0 1467       1       org.lwjgl.system.Pointer$Default::address (5 bytes)
Event: 1.457 Thread 0x000001f6fa8ef7f0 nmethod 1467 0x000001f6eec96190 code [0x000001f6eec96320, 0x000001f6eec963f8]
Event: 1.460 Thread 0x000001f6fa8ef7f0 1468       3       sun.misc.Unsafe::putLong (11 bytes)
Event: 1.460 Thread 0x000001f6fa8eeef0 1470       4       java.lang.Integer::toUnsignedLong (7 bytes)
Event: 1.460 Thread 0x000001f6fa8ef7f0 nmethod 1468 0x000001f6e79baa10 code [0x000001f6e79baba0, 0x000001f6e79bacb8]
Event: 1.460 Thread 0x000001f6fa8ef7f0 1469       3       org.lwjgl.system.MemoryUtil::memPutAddress (29 bytes)
Event: 1.460 Thread 0x000001f6fbbcb630 1471       4       sun.misc.Unsafe::putLong (11 bytes)
Event: 1.460 Thread 0x000001f6fa8eeef0 nmethod 1470 0x000001f6eec96490 code [0x000001f6eec96600, 0x000001f6eec96658]
Event: 1.460 Thread 0x000001f6fa8ef7f0 nmethod 1469 0x000001f6e79bad90 code [0x000001f6e79baf40, 0x000001f6e79bb138]
Event: 1.461 Thread 0x000001f6fbbcb630 nmethod 1471 0x000001f6eec96790 code [0x000001f6eec96900, 0x000001f6eec96998]

GC Heap History (2 events):
Event: 0.984 GC heap before
{Heap before GC invocations=0 (full 0):
 garbage-first heap   total 129024K, used 24576K [0x00000000e0000000, 0x0000000100000000)
  region size 1024K, 23 young (23552K), 0 survivors (0K)
 Metaspace       used 6639K, committed 6912K, reserved 1056768K
  class space    used 873K, committed 1024K, reserved 1048576K
}
Event: 0.990 GC heap after
{Heap after GC invocations=1 (full 0):
 garbage-first heap   total 129024K, used 6834K [0x00000000e0000000, 0x0000000100000000)
  region size 1024K, 3 young (3072K), 3 survivors (3072K)
 Metaspace       used 6639K, committed 6912K, reserved 1056768K
  class space    used 873K, committed 1024K, reserved 1048576K
}

Deoptimization events (20 events):
Event: 1.181 Thread 0x000001f6de174270 DEOPT PACKING pc=0x000001f6eec58dac sp=0x0000005f2f1f6c60
Event: 1.181 Thread 0x000001f6de174270 DEOPT UNPACKING pc=0x000001f6e7195c23 sp=0x0000005f2f1f6b28 mode 2
Event: 1.225 Thread 0x000001f6de174270 Uncommon trap: trap_request=0xffffff45 fr.pc=0x000001f6eec70b68 relative=0x00000000000029a8
Event: 1.225 Thread 0x000001f6de174270 Uncommon trap: reason=unstable_if action=reinterpret pc=0x000001f6eec70b68 method=java.util.jar.JarFile.getVersionedEntry(Ljava/lang/String;Ljava/util/jar/JarEntry;)Ljava/util/jar/JarEntry; @ 26 c2
Event: 1.225 Thread 0x000001f6de174270 DEOPT PACKING pc=0x000001f6eec70b68 sp=0x0000005f2f1f9a40
Event: 1.225 Thread 0x000001f6de174270 DEOPT UNPACKING pc=0x000001f6e7195c23 sp=0x0000005f2f1f9a10 mode 2
Event: 1.229 Thread 0x000001f6de174270 Uncommon trap: trap_request=0xffffff45 fr.pc=0x000001f6eec2c440 relative=0x0000000000000040
Event: 1.229 Thread 0x000001f6de174270 Uncommon trap: reason=unstable_if action=reinterpret pc=0x000001f6eec2c440 method=sun.nio.fs.WindowsPathParser.isSlash(C)Z @ 9 c2
Event: 1.229 Thread 0x000001f6de174270 DEOPT PACKING pc=0x000001f6eec2c440 sp=0x0000005f2f1f9780
Event: 1.229 Thread 0x000001f6de174270 DEOPT UNPACKING pc=0x000001f6e7195c23 sp=0x0000005f2f1f9708 mode 2
Event: 1.253 Thread 0x000001f6de174270 DEOPT PACKING pc=0x000001f6e7724208 sp=0x0000005f2f1f5740
Event: 1.253 Thread 0x000001f6de174270 DEOPT UNPACKING pc=0x000001f6e7196763 sp=0x0000005f2f1f4c48 mode 0
Event: 1.434 Thread 0x000001f6de174270 Uncommon trap: trap_request=0xffffff45 fr.pc=0x000001f6eec7377c relative=0x000000000000005c
Event: 1.434 Thread 0x000001f6de174270 Uncommon trap: reason=unstable_if action=reinterpret pc=0x000001f6eec7377c method=sun.net.www.ParseUtil.firstEncodeIndex(Ljava/lang/String;)I @ 51 c2
Event: 1.434 Thread 0x000001f6de174270 DEOPT PACKING pc=0x000001f6eec7377c sp=0x0000005f2f1f9370
Event: 1.434 Thread 0x000001f6de174270 DEOPT UNPACKING pc=0x000001f6e7195c23 sp=0x0000005f2f1f92f8 mode 2
Event: 1.468 Thread 0x000001f6de174270 Uncommon trap: trap_request=0xffffff54 fr.pc=0x000001f6eec96960 relative=0x0000000000000060
Event: 1.468 Thread 0x000001f6de174270 Uncommon trap: reason=speculate_null_assert action=make_not_entrant pc=0x000001f6eec96960 method=sun.misc.Unsafe.putLong(Ljava/lang/Object;JJ)V @ 7 c2
Event: 1.468 Thread 0x000001f6de174270 DEOPT PACKING pc=0x000001f6eec96960 sp=0x0000005f2f1fb380
Event: 1.468 Thread 0x000001f6de174270 DEOPT UNPACKING pc=0x000001f6e7195c23 sp=0x0000005f2f1fb2f8 mode 2

Classes unloaded (0 events):
No events

Classes redefined (0 events):
No events

Internal exceptions (20 events):
Event: 1.153 Thread 0x000001f6de174270 Exception <a 'java/lang/NoSuchMethodError'{0x00000000e7976500}: 'java.lang.Object java.lang.invoke.Invokers$Holder.linkToTargetMethod(java.lang.Object, java.lang.Object, java.lang.Object, java.lang.Object, java.lang.Object, java.lang.Object, java.lang.Object)'> (0x00000000e7976500) 
thrown [t:\workspace\open\src\hotspot\share\interpreter\linkResolver.cpp, line 766]
Event: 1.154 Thread 0x000001f6de174270 Exception <a 'java/lang/NoSuchMethodError'{0x00000000e79cc248}: 'java.lang.Object java.lang.invoke.DirectMethodHandle$Holder.invokeInterface(java.lang.Object, java.lang.Object, java.lang.Object, java.lang.Object, java.lang.Object)'> (0x00000000e79cc248) 
thrown [t:\workspace\open\src\hotspot\share\interpreter\linkResolver.cpp, line 766]
Event: 1.154 Thread 0x000001f6de174270 Exception <a 'java/lang/IncompatibleClassChangeError'{0x00000000e79d0040}: Found class java.lang.Object, but interface was expected> (0x00000000e79d0040) 
thrown [t:\workspace\open\src\hotspot\share\interpreter\linkResolver.cpp, line 833]
Event: 1.198 Thread 0x000001f6de174270 Exception <a 'java/lang/NoSuchMethodError'{0x00000000e77bf058}: 'void java.lang.invoke.DirectMethodHandle$Holder.invokeStatic(java.lang.Object, java.lang.Object)'> (0x00000000e77bf058) 
thrown [t:\workspace\open\src\hotspot\share\interpreter\linkResolver.cpp, line 766]
Event: 1.230 Thread 0x000001f6de174270 Exception <a 'sun/nio/fs/WindowsException'{0x00000000e766a998}> (0x00000000e766a998) 
thrown [t:\workspace\open\src\hotspot\share\prims\jni.cpp, line 516]
Event: 1.230 Thread 0x000001f6de174270 Exception <a 'sun/nio/fs/WindowsException'{0x00000000e766ace8}> (0x00000000e766ace8) 
thrown [t:\workspace\open\src\hotspot\share\prims\jni.cpp, line 516]
Event: 1.236 Thread 0x000001f6de174270 Exception <a 'sun/nio/fs/WindowsException'{0x00000000e767c4a8}> (0x00000000e767c4a8) 
thrown [t:\workspace\open\src\hotspot\share\prims\jni.cpp, line 516]
Event: 1.237 Thread 0x000001f6de174270 Exception <a 'sun/nio/fs/WindowsException'{0x00000000e767c808}> (0x00000000e767c808) 
thrown [t:\workspace\open\src\hotspot\share\prims\jni.cpp, line 516]
Event: 1.246 Thread 0x000001f6de174270 Exception <a 'java/lang/NoSuchMethodError'{0x00000000e76e4810}: 'int java.lang.invoke.DirectMethodHandle$Holder.invokeStaticInit(java.lang.Object, java.lang.Object, int, long)'> (0x00000000e76e4810) 
thrown [t:\workspace\open\src\hotspot\share\interpreter\linkResolver.cpp, line 766]
Event: 1.247 Thread 0x000001f6de174270 Exception <a 'java/lang/NoSuchMethodError'{0x00000000e76ea850}: 'java.lang.Object java.lang.invoke.DirectMethodHandle$Holder.newInvokeSpecial(java.lang.Object, java.lang.Object, int)'> (0x00000000e76ea850) 
thrown [t:\workspace\open\src\hotspot\share\interpreter\linkResolver.cpp, line 766]
Event: 1.249 Thread 0x000001f6de174270 Exception <a 'java/lang/NoSuchMethodError'{0x00000000e7500cc0}: 'int java.lang.invoke.DirectMethodHandle$Holder.invokeStaticInit(java.lang.Object, java.lang.Object, long, long)'> (0x00000000e7500cc0) 
thrown [t:\workspace\open\src\hotspot\share\interpreter\linkResolver.cpp, line 766]
Event: 1.249 Thread 0x000001f6de174270 Exception <a 'java/lang/NoSuchMethodError'{0x00000000e75074f0}: 'java.lang.Object java.lang.invoke.DirectMethodHandle$Holder.newInvokeSpecial(java.lang.Object, java.lang.Object, long)'> (0x00000000e75074f0) 
thrown [t:\workspace\open\src\hotspot\share\interpreter\linkResolver.cpp, line 766]
Event: 1.250 Thread 0x000001f6de174270 Exception <a 'java/lang/NoSuchMethodError'{0x00000000e750bd30}: 'java.lang.Object java.lang.invoke.Invokers$Holder.linkToTargetMethod(java.lang.Object, long, java.lang.Object)'> (0x00000000e750bd30) 
thrown [t:\workspace\open\src\hotspot\share\interpreter\linkResolver.cpp, line 766]
Event: 1.250 Thread 0x000001f6de174270 Exception <a 'java/lang/NoSuchMethodError'{0x00000000e7513c40}: 'int java.lang.invoke.DirectMethodHandle$Holder.invokeStaticInit(java.lang.Object, java.lang.Object, java.lang.Object, long)'> (0x00000000e7513c40) 
thrown [t:\workspace\open\src\hotspot\share\interpreter\linkResolver.cpp, line 766]
Event: 1.439 Thread 0x000001f6de174270 Exception <a 'sun/nio/fs/WindowsException'{0x00000000e7474150}> (0x00000000e7474150) 
thrown [t:\workspace\open\src\hotspot\share\prims\jni.cpp, line 516]
Event: 1.439 Thread 0x000001f6de174270 Exception <a 'sun/nio/fs/WindowsException'{0x00000000e74744f8}> (0x00000000e74744f8) 
thrown [t:\workspace\open\src\hotspot\share\prims\jni.cpp, line 516]
Event: 1.442 Thread 0x000001f6de174270 Exception <a 'sun/nio/fs/WindowsException'{0x00000000e747cd18}> (0x00000000e747cd18) 
thrown [t:\workspace\open\src\hotspot\share\prims\jni.cpp, line 516]
Event: 1.442 Thread 0x000001f6de174270 Exception <a 'sun/nio/fs/WindowsException'{0x00000000e747cff8}> (0x00000000e747cff8) 
thrown [t:\workspace\open\src\hotspot\share\prims\jni.cpp, line 516]
Event: 1.454 Thread 0x000001f6de174270 Exception <a 'sun/nio/fs/WindowsException'{0x00000000e74bb170}> (0x00000000e74bb170) 
thrown [t:\workspace\open\src\hotspot\share\prims\jni.cpp, line 516]
Event: 1.454 Thread 0x000001f6de174270 Exception <a 'sun/nio/fs/WindowsException'{0x00000000e74bb500}> (0x00000000e74bb500) 
thrown [t:\workspace\open\src\hotspot\share\prims\jni.cpp, line 516]

VM Operations (18 events):
Event: 0.118 Executing VM operation: HandshakeAllThreads
Event: 0.118 Executing VM operation: HandshakeAllThreads done
Event: 0.288 Executing VM operation: HandshakeAllThreads
Event: 0.288 Executing VM operation: HandshakeAllThreads done
Event: 0.315 Executing VM operation: HandshakeAllThreads
Event: 0.315 Executing VM operation: HandshakeAllThreads done
Event: 0.326 Executing VM operation: HandshakeAllThreads
Event: 0.326 Executing VM operation: HandshakeAllThreads done
Event: 0.693 Executing VM operation: HandshakeAllThreads
Event: 0.693 Executing VM operation: HandshakeAllThreads done
Event: 0.713 Executing VM operation: HandshakeAllThreads
Event: 0.713 Executing VM operation: HandshakeAllThreads done
Event: 0.904 Executing VM operation: ICBufferFull
Event: 0.904 Executing VM operation: ICBufferFull done
Event: 0.984 Executing VM operation: G1CollectForAllocation
Event: 0.990 Executing VM operation: G1CollectForAllocation done
Event: 1.157 Executing VM operation: HandshakeAllThreads
Event: 1.157 Executing VM operation: HandshakeAllThreads done

Events (20 events):
Event: 1.243 loading class java/nio/DirectCharBufferU
Event: 1.244 loading class java/nio/DirectCharBufferU done
Event: 1.244 loading class java/nio/DirectFloatBufferU
Event: 1.244 loading class java/nio/DirectFloatBufferU done
Event: 1.244 loading class java/nio/DirectDoubleBufferU
Event: 1.244 loading class java/nio/DirectDoubleBufferU done
Event: 1.244 loading class sun/misc/Unsafe
Event: 1.244 loading class sun/misc/Unsafe done
Event: 1.244 loading class jdk/internal/reflect/UnsafeQualifiedStaticObjectFieldAccessorImpl
Event: 1.245 loading class jdk/internal/reflect/UnsafeQualifiedStaticObjectFieldAccessorImpl done
Event: 1.246 loading class java/util/function/LongPredicate
Event: 1.246 loading class java/util/function/LongPredicate done
Event: 1.247 loading class jdk/internal/access/foreign/MemorySegmentProxy
Event: 1.247 loading class jdk/internal/access/foreign/MemorySegmentProxy done
Event: 1.251 loading class java/nio/InvalidMarkException
Event: 1.251 loading class java/nio/InvalidMarkException done
Event: 1.252 loading class java/nio/BufferUnderflowException
Event: 1.252 loading class java/nio/BufferUnderflowException done
Event: 1.419 Thread 0x000001f6fb960e80 Thread exited: 0x000001f6fb960e80
Event: 1.440 Loaded shared library C:\Users\atomf\AppData\Local\Temp\lwjglatomf\3.3.1-build-7\lwjgl_opengl.dll


Dynamic libraries:
0x00007ff72cb10000 - 0x00007ff72cb1e000 	C:\Program Files\Java\jdk-17.0.1\bin\java.exe
0x00007ffeb1d50000 - 0x00007ffeb1f48000 	C:\WINDOWS\SYSTEM32\ntdll.dll
0x00007ffeb0960000 - 0x00007ffeb0a1d000 	C:\WINDOWS\System32\KERNEL32.DLL
0x00007ffeaf740000 - 0x00007ffeafa12000 	C:\WINDOWS\System32\KERNELBASE.dll
0x00007ffeafad0000 - 0x00007ffeafbd0000 	C:\WINDOWS\System32\ucrtbase.dll
0x00007ffe99b20000 - 0x00007ffe99b3a000 	C:\Program Files\Java\jdk-17.0.1\bin\VCRUNTIME140.dll
0x00007ffe99b40000 - 0x00007ffe99b58000 	C:\Program Files\Java\jdk-17.0.1\bin\jli.dll
0x00007ffeb0310000 - 0x00007ffeb04ad000 	C:\WINDOWS\System32\USER32.dll
0x00007ffeafd80000 - 0x00007ffeafda2000 	C:\WINDOWS\System32\win32u.dll
0x00007ffea2800000 - 0x00007ffea2a9a000 	C:\WINDOWS\WinSxS\amd64_microsoft.windows.common-controls_6595b64144ccf1df_6.0.19041.1110_none_60b5254171f9507e\COMCTL32.dll
0x00007ffeb1a00000 - 0x00007ffeb1a2b000 	C:\WINDOWS\System32\GDI32.dll
0x00007ffeb0840000 - 0x00007ffeb08de000 	C:\WINDOWS\System32\msvcrt.dll
0x00007ffeafbd0000 - 0x00007ffeafcdf000 	C:\WINDOWS\System32\gdi32full.dll
0x00007ffeafce0000 - 0x00007ffeafd7d000 	C:\WINDOWS\System32\msvcp_win.dll
0x00007ffeb1ce0000 - 0x00007ffeb1d10000 	C:\WINDOWS\System32\IMM32.DLL
0x00007ffea6b50000 - 0x00007ffea6b5c000 	C:\Program Files\Java\jdk-17.0.1\bin\vcruntime140_1.dll
0x00007ffe7eb20000 - 0x00007ffe7ebad000 	C:\Program Files\Java\jdk-17.0.1\bin\msvcp140.dll
0x00007ffe12760000 - 0x00007ffe1331e000 	C:\Program Files\Java\jdk-17.0.1\bin\server\jvm.dll
0x00007ffeb1aa0000 - 0x00007ffeb1b4e000 	C:\WINDOWS\System32\ADVAPI32.dll
0x00007ffeb07a0000 - 0x00007ffeb083c000 	C:\WINDOWS\System32\sechost.dll
0x00007ffeb0110000 - 0x00007ffeb0235000 	C:\WINDOWS\System32\RPCRT4.dll
0x00007ffeb13e0000 - 0x00007ffeb13e8000 	C:\WINDOWS\System32\PSAPI.DLL
0x00007ffe9ac80000 - 0x00007ffe9ac89000 	C:\WINDOWS\SYSTEM32\WSOCK32.dll
0x00007ffeb1a30000 - 0x00007ffeb1a9b000 	C:\WINDOWS\System32\WS2_32.dll
0x00007ffea6c40000 - 0x00007ffea6c67000 	C:\WINDOWS\SYSTEM32\WINMM.dll
0x00007ffea5780000 - 0x00007ffea578a000 	C:\WINDOWS\SYSTEM32\VERSION.dll
0x00007ffeadcb0000 - 0x00007ffeadcc2000 	C:\WINDOWS\SYSTEM32\kernel.appcore.dll
0x00007ffea68a0000 - 0x00007ffea68aa000 	C:\Program Files\Java\jdk-17.0.1\bin\jimage.dll
0x00007ffead9d0000 - 0x00007ffeadbb4000 	C:\WINDOWS\SYSTEM32\DBGHELP.DLL
0x00007ffea3c50000 - 0x00007ffea3c7c000 	C:\WINDOWS\SYSTEM32\dbgcore.DLL
0x00007ffeaf490000 - 0x00007ffeaf512000 	C:\WINDOWS\System32\bcryptPrimitives.dll
0x00007ffe99af0000 - 0x00007ffe99b15000 	C:\Program Files\Java\jdk-17.0.1\bin\java.dll
0x00007ffe63410000 - 0x00007ffe634e6000 	C:\Program Files\Java\jdk-17.0.1\bin\svml.dll
0x00007ffeb0c80000 - 0x00007ffeb13c3000 	C:\WINDOWS\System32\SHELL32.dll
0x00007ffead160000 - 0x00007ffead8f1000 	C:\WINDOWS\SYSTEM32\windows.storage.dll
0x00007ffeafdb0000 - 0x00007ffeb0104000 	C:\WINDOWS\System32\combase.dll
0x00007ffeaeec0000 - 0x00007ffeaeef0000 	C:\WINDOWS\SYSTEM32\Wldp.dll
0x00007ffeb0240000 - 0x00007ffeb02ed000 	C:\WINDOWS\System32\SHCORE.dll
0x00007ffeb1c80000 - 0x00007ffeb1cd5000 	C:\WINDOWS\System32\shlwapi.dll
0x00007ffeaf3a0000 - 0x00007ffeaf3bf000 	C:\WINDOWS\SYSTEM32\profapi.dll
0x00007ffe99ad0000 - 0x00007ffe99ae9000 	C:\Program Files\Java\jdk-17.0.1\bin\net.dll
0x00007ffea6f00000 - 0x00007ffea700d000 	C:\WINDOWS\SYSTEM32\WINHTTP.dll
0x00007ffeaec20000 - 0x00007ffeaec8a000 	C:\WINDOWS\system32\mswsock.dll
0x00007ffe807a0000 - 0x00007ffe807b5000 	C:\Program Files\Java\jdk-17.0.1\bin\nio.dll
0x00007ffe7ef30000 - 0x00007ffe7ef48000 	C:\Program Files\Java\jdk-17.0.1\bin\zip.dll
0x00007ffea6870000 - 0x00007ffea6880000 	C:\Program Files\Java\jdk-17.0.1\bin\verify.dll
0x00007ffea6630000 - 0x00007ffea663e000 	C:\Program Files\Java\jdk-17.0.1\bin\sunmscapi.dll
0x00007ffeaf520000 - 0x00007ffeaf676000 	C:\WINDOWS\System32\CRYPT32.dll
0x00007ffeaef30000 - 0x00007ffeaef57000 	C:\WINDOWS\SYSTEM32\ncrypt.dll
0x00007ffeaeef0000 - 0x00007ffeaef2b000 	C:\WINDOWS\SYSTEM32\NTASN1.dll
0x00007ffea5a50000 - 0x00007ffea5a57000 	C:\WINDOWS\system32\wshunix.dll
0x00007ffeaee10000 - 0x00007ffeaee28000 	C:\WINDOWS\SYSTEM32\CRYPTSP.dll
0x00007ffeae4d0000 - 0x00007ffeae504000 	C:\WINDOWS\system32\rsaenh.dll
0x00007ffeaf460000 - 0x00007ffeaf487000 	C:\WINDOWS\System32\bcrypt.dll
0x00007ffeaf360000 - 0x00007ffeaf38e000 	C:\WINDOWS\SYSTEM32\USERENV.dll
0x00007ffeaee30000 - 0x00007ffeaee3c000 	C:\WINDOWS\SYSTEM32\CRYPTBASE.dll
0x00007ffeae8c0000 - 0x00007ffeae8fb000 	C:\WINDOWS\SYSTEM32\IPHLPAPI.DLL
0x00007ffeb13d0000 - 0x00007ffeb13d8000 	C:\WINDOWS\System32\NSI.dll
0x00007ffea3bc0000 - 0x00007ffea3bd7000 	C:\WINDOWS\SYSTEM32\dhcpcsvc6.DLL
0x00007ffea5760000 - 0x00007ffea577d000 	C:\WINDOWS\SYSTEM32\dhcpcsvc.DLL
0x00007ffeae900000 - 0x00007ffeae9ca000 	C:\WINDOWS\SYSTEM32\DNSAPI.dll
0x00007ffe63540000 - 0x00007ffe635b5000 	C:\Users\atomf\AppData\Local\Temp\lwjglatomf\3.3.1-build-7\lwjgl.dll
0x00007ffe6c630000 - 0x00007ffe6c691000 	C:\Users\atomf\AppData\Local\Temp\lwjglatomf\3.3.1-build-7\glfw.dll
0x00007ffe73040000 - 0x00007ffe73085000 	C:\WINDOWS\SYSTEM32\dinput8.dll
0x00007ffea5290000 - 0x00007ffea52a1000 	C:\WINDOWS\SYSTEM32\xinput1_4.dll
0x00007ffeaf680000 - 0x00007ffeaf6ce000 	C:\WINDOWS\System32\cfgmgr32.dll
0x00007ffeaf210000 - 0x00007ffeaf23c000 	C:\WINDOWS\SYSTEM32\DEVOBJ.dll
0x00007ffeacc70000 - 0x00007ffeacc9f000 	C:\WINDOWS\SYSTEM32\dwmapi.dll
0x00007ffe7d720000 - 0x00007ffe7d872000 	C:\WINDOWS\SYSTEM32\inputhost.dll
0x00007ffeb1b50000 - 0x00007ffeb1c1d000 	C:\WINDOWS\System32\OLEAUT32.dll
0x00007ffea7e60000 - 0x00007ffea7fb4000 	C:\WINDOWS\SYSTEM32\wintypes.dll
0x00007ffea9520000 - 0x00007ffea9612000 	C:\WINDOWS\SYSTEM32\CoreMessaging.dll
0x00007ffea7730000 - 0x00007ffea7826000 	C:\WINDOWS\SYSTEM32\PROPSYS.dll
0x00007ffea8e40000 - 0x00007ffea919e000 	C:\WINDOWS\SYSTEM32\CoreUIComponents.dll
0x00007ffeae560000 - 0x00007ffeae593000 	C:\WINDOWS\SYSTEM32\ntmarta.dll
0x00007ffea9850000 - 0x00007ffea98ee000 	C:\WINDOWS\system32\uxtheme.dll
0x00007ffeb0a20000 - 0x00007ffeb0b35000 	C:\WINDOWS\System32\MSCTF.dll
0x00007ffe7d530000 - 0x00007ffe7d657000 	C:\WINDOWS\SYSTEM32\opengl32.dll
0x00007ffea3e70000 - 0x00007ffea3e9c000 	C:\WINDOWS\SYSTEM32\GLU32.dll
0x00007ffeb04b0000 - 0x00007ffeb055f000 	C:\WINDOWS\System32\clbcatq.dll
0x00007ffe0ab20000 - 0x00007ffe0bb50000 	C:\WINDOWS\System32\DriverStore\FileRepository\iigd_dch.inf_amd64_710678b194c962d0\ig11icd64.dll
0x00007ffeb0b40000 - 0x00007ffeb0c6a000 	C:\WINDOWS\System32\ole32.dll
0x00007ffeadd20000 - 0x00007ffeade13000 	C:\WINDOWS\system32\dxgi.dll
0x00007ffe122d0000 - 0x00007ffe12757000 	C:\WINDOWS\System32\DriverStore\FileRepository\iigd_dch.inf_amd64_710678b194c962d0\igdml64.dll
0x00007ffe9e770000 - 0x00007ffe9eb3d000 	C:\WINDOWS\System32\DriverStore\FileRepository\iigd_dch.inf_amd64_710678b194c962d0\igdgmm64.dll
0x00007ffe9ba20000 - 0x00007ffe9e767000 	C:\WINDOWS\System32\DriverStore\FileRepository\iigd_dch.inf_amd64_710678b194c962d0\igc64.dll
0x00007ffeae9e0000 - 0x00007ffeaea2b000 	C:\WINDOWS\SYSTEM32\powrprof.dll
0x00007ffeae8a0000 - 0x00007ffeae8b2000 	C:\WINDOWS\SYSTEM32\UMPDC.dll
0x00007ffe7ef90000 - 0x00007ffe7f089000 	C:\WINDOWS\SYSTEM32\textinputframework.dll
0x00007ffe6c1b0000 - 0x00007ffe6c20d000 	C:\Users\atomf\AppData\Local\Temp\lwjglatomf\3.3.1-build-7\lwjgl_opengl.dll
0x00007ffe5ab60000 - 0x00007ffe5adb9000 	C:\Users\atomf\AppData\Local\Temp\lwjglatomf\3.3.1-build-7\jemalloc.dll

dbghelp: loaded successfully - version: 4.0.5 - missing functions: none
symbol engine: initialized successfully - sym options: 0x614 - pdb path: .;C:\Program Files\Java\jdk-17.0.1\bin;C:\WINDOWS\SYSTEM32;C:\WINDOWS\WinSxS\amd64_microsoft.windows.common-controls_6595b64144ccf1df_6.0.19041.1110_none_60b5254171f9507e;C:\Program Files\Java\jdk-17.0.1\bin\server;C:\Users\atomf\AppData\Local\Temp\lwjglatomf\3.3.1-build-7;C:\WINDOWS\System32\DriverStore\FileRepository\iigd_dch.inf_amd64_710678b194c962d0

VM Arguments:
jvm_args: -Dorg.gradle.internal.worker.tmpdir=C:\Users\atomf\Desktop\code\optium\platform-lwjgl\build\tmp\test\work -Dorg.gradle.native=false --add-opens=java.base/java.util=ALL-UNNAMED --add-opens=java.base/java.lang=ALL-UNNAMED -Xmx512m -Dfile.encoding=windows-1252 -Duser.country=US -Duser.language=en -Duser.variant -ea 
java_command: worker.org.gradle.process.internal.worker.GradleWorkerMain 'Gradle Test Executor 19'
java_class_path (initial): C:\\Users\\atomf\\.gradle\\caches\\7.3\\workerMain\\gradle-worker.jar;C:\\Users\\atomf\\Desktop\\code\\optium\\platform-lwjgl\\build\\classes\\java\\test;C:\\Users\\atomf\\Desktop\\code\\optium\\platform-lwjgl\\build\\classes\\java\\main;C:\\Users\\atomf\\Desktop\\code\\optium\\build\\libs\\optium-0.1.0.jar;C:\\Users\\atomf\\.gradle\\caches\\modules-2\\files-2.1\\org.lwjgl\\lwjgl-glfw\\3.3.1\\cbac1b8d30cb4795149c1ef540f912671a8616d0\\lwjgl-glfw-3.3.1.jar;C:\\Users\\atomf\\.gradle\\caches\\modules-2\\files-2.1\\org.lwjgl\\lwjgl-glfw\\3.3.1\\81716978214ecbda15050ca394b06ef61501a49e\\lwjgl-glfw-3.3.1-natives-linux.jar;C:\\Users\\atomf\\.gradle\\caches\\modules-2\\files-2.1\\org.lwjgl\\lwjgl-glfw\\3.3.1\\ed892f945cf7e79c8756796f32d00fa4ceaf573b\\lwjgl-glfw-3.3.1-natives-windows.jar;C:\\Users\\atomf\\.gradle\\caches\\modules-2\\files-2.1\\org.lwjgl\\lwjgl-glfw\\3.3.1\\9ec4ce1fc8c85fdef03ef4ff2aace6f5775fb280\\lwjgl-glfw-3.3.1-natives-macos.jar;C:\\Users\\atomf\\.gradle\\caches\\modules-2\\files-2.1\\org.lwjgl\\lwjgl-jawt\\3.3.1\\30330b16b809655d42f4951ece57f425cce43ce2\\lwjgl-jawt-3.3.1.jar;C:\\Users\\atomf\\.gradle\\caches\\modules-2\\files-2.1\\org.lwjgl\\lwjgl-jemalloc\\3.3.1\\a817bcf213db49f710603677457567c37d53e103\\lwjgl-jemalloc-3.3.1.jar;C:\\Users\\atomf\\.gradle\\caches\\modules-2\\files-2.1\\org.lwjgl\\lwjgl-jemalloc\\3.3.1\\33dbb017b6ed6b25f993ad9d56741a49e7937718\\lwjgl-jemalloc-3.3.1-natives-linux.jar;C:\\Users\\atomf\\.gradle\\caches\\modules-2\\files-2.1\\org.lwjgl\\lwjgl-jemalloc\\3.3.1\\948a89b76a16aa324b046ae9308891216ffce5f9\\lwjgl-jemalloc-3.3.1-natives-windows.jar;C:\\Users\\atomf\\.gradle\\caches\\modules-2\\files-2.1\\org.lwjgl\\lwjgl-jemalloc\\3.3.1\\56424dc8db3cfb8e7b594aa6d59a4f4387b7f544\\lwjgl-jemalloc-3.3.1-natives-macos.jar;C:\\Users\\atomf\\.gradle\\caches\\modules-2\\files-2.1\\org.lwjgl\\lwjgl-opengl\\3.3.1\\831a5533a21a5f4f81bbc51bb13e9899319b5411\\lwjgl-opengl-3.3.1.jar;C:\\Users\\atomf\\.gradle\\caches\\mod
Launcher Type: SUN_STANDARD

[Global flags]
     intx CICompilerCount                          = 4                                         {product} {ergonomic}
     uint ConcGCThreads                            = 2                                         {product} {ergonomic}
     uint G1ConcRefinementThreads                  = 8                                         {product} {ergonomic}
   size_t G1HeapRegionSize                         = 1048576                                   {product} {ergonomic}
    uintx GCDrainStackTargetSize                   = 64                                        {product} {ergonomic}
   size_t InitialHeapSize                          = 132120576                                 {product} {ergonomic}
   size_t MarkStackSize                            = 4194304                                   {product} {ergonomic}
   size_t MaxHeapSize                              = 536870912                                 {product} {command line}
   size_t MaxNewSize                               = 321912832                                 {product} {ergonomic}
   size_t MinHeapDeltaBytes                        = 1048576                                   {product} {ergonomic}
   size_t MinHeapSize                              = 8388608                                   {product} {ergonomic}
    uintx NonNMethodCodeHeapSize                   = 5839372                                {pd product} {ergonomic}
    uintx NonProfiledCodeHeapSize                  = 122909434                              {pd product} {ergonomic}
    uintx ProfiledCodeHeapSize                     = 122909434                              {pd product} {ergonomic}
    uintx ReservedCodeCacheSize                    = 251658240                              {pd product} {ergonomic}
     bool SegmentedCodeCache                       = true                                      {product} {ergonomic}
   size_t SoftMaxHeapSize                          = 536870912                              {manageable} {ergonomic}
     bool UseCompressedClassPointers               = true                           {product lp64_product} {ergonomic}
     bool UseCompressedOops                        = true                           {product lp64_product} {ergonomic}
     bool UseG1GC                                  = true                                      {product} {ergonomic}
     bool UseLargePagesIndividualAllocation        = false                                  {pd product} {ergonomic}

Logging:
Log output configuration:
 #0: stdout all=warning uptime,level,tags
 #1: stderr all=off uptime,level,tags

Environment Variables:
JAVA_HOME=C:\Program Files\JAva\jdk-16.0.1
PATH=C:\Python310\Scripts\;C:\Python310\;C:\Users\atomf\AppData\Local\Programs\Python\Python310\Scripts\;C:\Users\atomf\AppData\Local\Programs\Python\Python310\;C:\WINDOWS\system32;C:\WINDOWS;C:\WINDOWS\System32\Wbem;C:\WINDOWS\System32\WindowsPowerShell\v1.0\;C:\WINDOWS\System32\OpenSSH\;C:\msys64\usr\bin;C:\Program Files\Java\jdk-18\\bin;C:\Program Files\Java\jdk-18\\lib;C:\Program Files (x86)\Windows Kits\10\Windows Performance Toolkit\;C:\Users\atomf\sussy\ffmpeg-N-103523-ga947098558-win64-gpl\bin;C:\ProgramData\chocolatey\bin;C:\Program Files (x86)\Microsoft Visual Studio\2019\Community\VC\Tools\MSVC\14.29.30133\bin\Hostx64\x64;C:\Gradle\gradle-6.9.1\bin;C:\Program Files\Maven\bin;C:\Program Files\CMake\bin;C:\Program Files\nodejs\;C:\Program Files\Git\cmd;C:\Dev\php;C:\Dev\exe\openssl-3\x64\bin;C:\Program Files\qemu;C:\Program Files\PuTTY\;C:\Program Files\CMake\bin;C:\Program Files\Go\bin;C:\Program Files (x86)\Gpg4win\..\GnuPG\bin;C:\Lua54;C:\Users\atomf\.cargo\bin;C:\Users\atomf\AppData\Local\Microsoft\WindowsApps;C:\Users\atomf\AppData\Local\Programs\Microsoft VS Code\bin;C:\Program Files (x86)\GnuWin32\bin;C:\Program Files\JetBrains\JetBrains Rider 2021.2.1\bin;C:\Users\atomf\AppData\Local\atom\bin;C:\Users\atomf\AppData\Roaming\npm;C:\Users\atomf\go\bin;C:\Program Files\JetBrains\CLion 2022.1.2\bin;;C:\Program Files\JetBrains\PyCharm Community Edition 2022.2.3\bin;
USERNAME=atomf
OS=Windows_NT
PROCESSOR_IDENTIFIER=Intel64 Family 6 Model 126 Stepping 5, GenuineIntel



---------------  S Y S T E M  ---------------

OS:
 Windows 10 , 64 bit Build 19041 (10.0.19041.1889)
OS uptime: 3 days 7:49 hours

CPU: total 8 (initial active 8) (4 cores per cpu, 2 threads per core) family 6 model 126 stepping 5 microcode 0x78, cx8, cmov, fxsr, ht, mmx, 3dnowpref, sse, sse2, sse3, ssse3, sse4.1, sse4.2, popcnt, lzcnt, tsc, tscinvbit, avx, avx2, aes, erms, clmul, bmi1, bmi2, adx, avx512f, avx512dq, avx512cd, avx512bw, avx512vl, sha, fma, vzeroupper, avx512_vpopcntdq, avx512_vpclmulqdq, avx512_vaes, avx512_vnni, clflush, clflushopt, avx512_vbmi2, avx512_vbmi

Memory: 4k page, system-wide physical 7948M (956M free)
TotalPageFile size 16652M (AvailPageFile size 5407M)
current process WorkingSet (physical memory assigned to process): 146M, peak: 146M
current process commit charge ("private bytes"): 280M, peak: 280M

vm_info: OpenJDK 64-Bit Server VM (17.0.1+12-39) for windows-amd64 JRE (17.0.1+12-39), built on Sep 27 2021 18:39:29 by "mach5one" with MS VC++ 16.8 (VS2019)

END.
